{"meta": {"format": 3, "version": "7.10.4", "timestamp": "2025-08-21T12:18:26.370909", "branch_coverage": false, "show_contexts": false}, "files": {"phomem/__init__.py": {"executed_lines": [1, 8, 11, 12, 16, 17, 20, 21, 24, 28, 29, 30, 33, 34, 35, 38, 39, 40, 41, 43], "summary": {"covered_lines": 19, "num_statements": 19, "percent_covered": 100.0, "percent_covered_display": "100", "missing_lines": 0, "excluded_lines": 0}, "missing_lines": [], "excluded_lines": [], "functions": {"": {"executed_lines": [1, 8, 11, 12, 16, 17, 20, 21, 24, 28, 29, 30, 33, 34, 35, 38, 39, 40, 41, 43], "summary": {"covered_lines": 19, "num_statements": 19, "percent_covered": 100.0, "percent_covered_display": "100", "missing_lines": 0, "excluded_lines": 0}, "missing_lines": [], "excluded_lines": []}}, "classes": {"": {"executed_lines": [1, 8, 11, 12, 16, 17, 20, 21, 24, 28, 29, 30, 33, 34, 35, 38, 39, 40, 41, 43], "summary": {"covered_lines": 19, "num_statements": 19, "percent_covered": 100.0, "percent_covered_display": "100", "missing_lines": 0, "excluded_lines": 0}, "missing_lines": [], "excluded_lines": []}}}, "phomem/advanced_multiphysics.py": {"executed_lines": [], "summary": {"covered_lines": 0, "num_statements": 388, "percent_covered": 0.0, "percent_covered_display": "0", "missing_lines": 388, "excluded_lines": 0}, "missing_lines": [12, 13, 14, 15, 16, 17, 18, 19, 20, 21, 23, 24, 25, 26, 28, 31, 32, 34, 35, 36, 37, 38, 39, 40, 41, 44, 45, 47, 48, 49, 50, 51, 52, 53, 56, 59, 67, 68, 69, 70, 71, 74, 75, 76, 77, 80, 81, 82, 85, 87, 89, 92, 93, 94, 95, 96, 97, 100, 101, 102, 105, 106, 108, 110, 118, 119, 121, 122, 125, 128, 129, 136, 137, 139, 141, 142, 143, 146, 149, 150, 151, 153, 154, 155, 157, 160, 164, 165, 167, 169, 171, 181, 187, 188, 189, 190, 192, 194, 201, 202, 204, 207, 208, 210, 211, 213, 214, 215, 217, 219, 230, 236, 239, 241, 244, 245, 246, 247, 250, 252, 256, 259, 261, 262, 265, 266, 271, 274, 275, 276, 279, 281, 291, 293, 297, 300, 301, 304, 305, 307, 308, 311, 312, 314, 324, 326, 330, 333, 336, 340, 342, 352, 354, 357, 363, 364, 365, 368, 369, 371, 373, 374, 375, 380, 381, 382, 384, 386, 387, 390, 392, 402, 404, 407, 412, 413, 416, 421, 422, 423, 424, 429, 430, 431, 433, 436, 437, 438, 441, 443, 453, 455, 462, 463, 464, 465, 467, 469, 476, 478, 482, 483, 485, 487, 488, 491, 492, 493, 496, 499, 502, 506, 508, 509, 510, 512, 514, 521, 522, 525, 528, 532, 536, 540, 541, 547, 555, 563, 564, 565, 566, 568, 570, 578, 579, 581, 584, 585, 586, 592, 593, 595, 597, 598, 599, 600, 602, 605, 606, 607, 610, 611, 612, 613, 614, 615, 616, 618, 629, 638, 641, 644, 651, 652, 653, 654, 657, 658, 659, 661, 663, 672, 673, 676, 679, 680, 683, 684, 685, 687, 688, 689, 692, 694, 697, 702, 707, 708, 709, 712, 713, 714, 717, 718, 720, 721, 723, 725, 738, 739, 741, 748, 749, 752, 753, 754, 755, 757, 758, 759, 761, 763, 771, 772, 773, 774, 776, 778, 781, 788, 789, 791, 793, 794, 796, 798, 801, 802, 806, 808, 810, 815, 817, 819, 829, 830, 833, 834, 836, 837, 838, 839, 840, 843, 847, 848, 849, 851, 853, 860, 862, 863, 866, 867, 868, 869, 872, 874, 876, 880, 882, 884, 886, 889, 890, 895, 898, 901, 902, 904, 905, 906, 908, 910, 917, 918, 920, 921, 922, 924, 926, 929, 937, 938, 939, 942, 949, 955], "excluded_lines": [], "functions": {"AdvancedMultiPhysicsSimulator.__init__": {"executed_lines": [], "summary": {"covered_lines": 0, "num_statements": 13, "percent_covered": 0.0, "percent_covered_display": "0", "missing_lines": 13, "excluded_lines": 0}, "missing_lines": [67, 68, 69, 70, 71, 74, 75, 76, 77, 80, 81, 82, 85], "excluded_lines": []}, "AdvancedMultiPhysicsSimulator._initialize_solvers": {"executed_lines": [], "summary": {"covered_lines": 0, "num_statements": 13, "percent_covered": 0.0, "percent_covered_display": "0", "missing_lines": 13, "excluded_lines": 0}, "missing_lines": [89, 92, 93, 94, 95, 96, 97, 100, 101, 102, 105, 106, 108], "excluded_lines": []}, "AdvancedMultiPhysicsSimulator.simulate_coupled_physics": {"executed_lines": [], "summary": {"covered_lines": 0, "num_statements": 25, "percent_covered": 0.0, "percent_covered_display": "0", "missing_lines": 25, "excluded_lines": 0}, "missing_lines": [118, 119, 121, 122, 125, 128, 129, 136, 137, 139, 141, 142, 143, 146, 149, 150, 151, 153, 154, 155, 157, 160, 164, 165, 167], "excluded_lines": []}, "AdvancedMultiPhysicsSimulator._get_default_uncertainties": {"executed_lines": [], "summary": {"covered_lines": 0, "num_statements": 1, "percent_covered": 0.0, "percent_covered_display": "0", "missing_lines": 1, "excluded_lines": 0}, "missing_lines": [171], "excluded_lines": []}, "AdvancedMultiPhysicsSimulator._initialize_uncertainty_quantification": {"executed_lines": [], "summary": {"covered_lines": 0, "num_statements": 5, "percent_covered": 0.0, "percent_covered_display": "0", "missing_lines": 5, "excluded_lines": 0}, "missing_lines": [187, 188, 189, 190, 192], "excluded_lines": []}, "AdvancedMultiPhysicsSimulator._initialize_polynomial_chaos": {"executed_lines": [], "summary": {"covered_lines": 0, "num_statements": 12, "percent_covered": 0.0, "percent_covered_display": "0", "missing_lines": 12, "excluded_lines": 0}, "missing_lines": [201, 202, 204, 207, 208, 210, 211, 213, 214, 215, 217, 219], "excluded_lines": []}, "AdvancedMultiPhysicsSimulator._initialize_monte_carlo": {"executed_lines": [], "summary": {"covered_lines": 0, "num_statements": 2, "percent_covered": 0.0, "percent_covered_display": "0", "missing_lines": 2, "excluded_lines": 0}, "missing_lines": [236, 239], "excluded_lines": []}, "AdvancedMultiPhysicsSimulator._update_optical_domain": {"executed_lines": [], "summary": {"covered_lines": 0, "num_statements": 5, "percent_covered": 0.0, "percent_covered_display": "0", "missing_lines": 5, "excluded_lines": 0}, "missing_lines": [244, 245, 246, 247, 250], "excluded_lines": []}, "AdvancedMultiPhysicsSimulator._fdtd_update": {"executed_lines": [], "summary": {"covered_lines": 0, "num_statements": 13, "percent_covered": 0.0, "percent_covered_display": "0", "missing_lines": 13, "excluded_lines": 0}, "missing_lines": [256, 259, 261, 262, 265, 266, 271, 274, 275, 276, 279, 281, 291], "excluded_lines": []}, "AdvancedMultiPhysicsSimulator._bpm_update": {"executed_lines": [], "summary": {"covered_lines": 0, "num_statements": 11, "percent_covered": 0.0, "percent_covered_display": "0", "missing_lines": 11, "excluded_lines": 0}, "missing_lines": [297, 300, 301, 304, 305, 307, 308, 311, 312, 314, 324], "excluded_lines": []}, "AdvancedMultiPhysicsSimulator._simple_optical_update": {"executed_lines": [], "summary": {"covered_lines": 0, "num_statements": 6, "percent_covered": 0.0, "percent_covered_display": "0", "missing_lines": 6, "excluded_lines": 0}, "missing_lines": [330, 333, 336, 340, 342, 352], "excluded_lines": []}, "AdvancedMultiPhysicsSimulator._update_thermal_domain": {"executed_lines": [], "summary": {"covered_lines": 0, "num_statements": 19, "percent_covered": 0.0, "percent_covered_display": "0", "missing_lines": 19, "excluded_lines": 0}, "missing_lines": [357, 363, 364, 365, 368, 369, 371, 373, 374, 375, 380, 381, 382, 384, 386, 387, 390, 392, 402], "excluded_lines": []}, "AdvancedMultiPhysicsSimulator._update_electrical_domain": {"executed_lines": [], "summary": {"covered_lines": 0, "num_statements": 18, "percent_covered": 0.0, "percent_covered_display": "0", "missing_lines": 18, "excluded_lines": 0}, "missing_lines": [407, 412, 413, 416, 421, 422, 423, 424, 429, 430, 431, 433, 436, 437, 438, 441, 443, 453], "excluded_lines": []}, "AdvancedMultiPhysicsSimulator._apply_multi_physics_coupling": {"executed_lines": [], "summary": {"covered_lines": 0, "num_statements": 5, "percent_covered": 0.0, "percent_covered_display": "0", "missing_lines": 5, "excluded_lines": 0}, "missing_lines": [462, 463, 464, 465, 467], "excluded_lines": []}, "AdvancedMultiPhysicsSimulator._apply_weak_coupling": {"executed_lines": [], "summary": {"covered_lines": 0, "num_statements": 1, "percent_covered": 0.0, "percent_covered_display": "0", "missing_lines": 1, "excluded_lines": 0}, "missing_lines": [476], "excluded_lines": []}, "AdvancedMultiPhysicsSimulator._apply_strong_coupling": {"executed_lines": [], "summary": {"covered_lines": 0, "num_statements": 16, "percent_covered": 0.0, "percent_covered_display": "0", "missing_lines": 16, "excluded_lines": 0}, "missing_lines": [482, 483, 485, 487, 488, 491, 492, 493, 496, 499, 502, 506, 508, 509, 510, 512], "excluded_lines": []}, "AdvancedMultiPhysicsSimulator._check_convergence": {"executed_lines": [], "summary": {"covered_lines": 0, "num_statements": 9, "percent_covered": 0.0, "percent_covered_display": "0", "missing_lines": 9, "excluded_lines": 0}, "missing_lines": [521, 522, 525, 528, 532, 536, 540, 541, 547], "excluded_lines": []}, "AdvancedMultiPhysicsSimulator._propagate_uncertainties": {"executed_lines": [], "summary": {"covered_lines": 0, "num_statements": 5, "percent_covered": 0.0, "percent_covered_display": "0", "missing_lines": 5, "excluded_lines": 0}, "missing_lines": [563, 564, 565, 566, 568], "excluded_lines": []}, "AdvancedMultiPhysicsSimulator._propagate_polynomial_chaos": {"executed_lines": [], "summary": {"covered_lines": 0, "num_statements": 25, "percent_covered": 0.0, "percent_covered_display": "0", "missing_lines": 25, "excluded_lines": 0}, "missing_lines": [578, 579, 581, 584, 585, 586, 592, 593, 595, 597, 598, 599, 600, 602, 605, 606, 607, 610, 611, 612, 613, 614, 615, 616, 618], "excluded_lines": []}, "AdvancedMultiPhysicsSimulator._propagate_monte_carlo": {"executed_lines": [], "summary": {"covered_lines": 0, "num_statements": 1, "percent_covered": 0.0, "percent_covered_display": "0", "missing_lines": 1, "excluded_lines": 0}, "missing_lines": [638], "excluded_lines": []}, "BayesianMultiObjectiveOptimizer.__init__": {"executed_lines": [], "summary": {"covered_lines": 0, "num_statements": 8, "percent_covered": 0.0, "percent_covered_display": "0", "missing_lines": 8, "excluded_lines": 0}, "missing_lines": [651, 652, 653, 654, 657, 658, 659, 661], "excluded_lines": []}, "BayesianMultiObjectiveOptimizer.optimize": {"executed_lines": [], "summary": {"covered_lines": 0, "num_statements": 29, "percent_covered": 0.0, "percent_covered_display": "0", "missing_lines": 29, "excluded_lines": 0}, "missing_lines": [672, 673, 676, 679, 680, 683, 684, 685, 687, 688, 689, 692, 694, 697, 702, 707, 708, 709, 712, 713, 714, 717, 718, 720, 721, 723, 725, 738, 739], "excluded_lines": []}, "BayesianMultiObjectiveOptimizer._generate_initial_samples": {"executed_lines": [], "summary": {"covered_lines": 0, "num_statements": 10, "percent_covered": 0.0, "percent_covered_display": "0", "missing_lines": 10, "excluded_lines": 0}, "missing_lines": [748, 749, 752, 753, 754, 755, 757, 758, 759, 761], "excluded_lines": []}, "BayesianMultiObjectiveOptimizer._evaluate_with_uncertainty": {"executed_lines": [], "summary": {"covered_lines": 0, "num_statements": 13, "percent_covered": 0.0, "percent_covered_display": "0", "missing_lines": 13, "excluded_lines": 0}, "missing_lines": [771, 772, 773, 774, 776, 778, 781, 788, 789, 791, 793, 794, 796], "excluded_lines": []}, "BayesianMultiObjectiveOptimizer._fit_surrogate_models": {"executed_lines": [], "summary": {"covered_lines": 0, "num_statements": 7, "percent_covered": 0.0, "percent_covered_display": "0", "missing_lines": 7, "excluded_lines": 0}, "missing_lines": [801, 802, 806, 808, 810, 815, 817], "excluded_lines": []}, "BayesianMultiObjectiveOptimizer._optimize_acquisition_function": {"executed_lines": [], "summary": {"covered_lines": 0, "num_statements": 14, "percent_covered": 0.0, "percent_covered_display": "0", "missing_lines": 14, "excluded_lines": 0}, "missing_lines": [829, 830, 833, 834, 836, 837, 838, 839, 840, 843, 847, 848, 849, 851], "excluded_lines": []}, "BayesianMultiObjectiveOptimizer._evaluate_acquisition_function": {"executed_lines": [], "summary": {"covered_lines": 0, "num_statements": 11, "percent_covered": 0.0, "percent_covered_display": "0", "missing_lines": 11, "excluded_lines": 0}, "missing_lines": [860, 862, 863, 866, 867, 868, 869, 872, 874, 876, 880], "excluded_lines": []}, "BayesianMultiObjectiveOptimizer._dominates": {"executed_lines": [], "summary": {"covered_lines": 0, "num_statements": 1, "percent_covered": 0.0, "percent_covered_display": "0", "missing_lines": 1, "excluded_lines": 0}, "missing_lines": [884], "excluded_lines": []}, "BayesianMultiObjectiveOptimizer._calculate_hypervolume": {"executed_lines": [], "summary": {"covered_lines": 0, "num_statements": 10, "percent_covered": 0.0, "percent_covered_display": "0", "missing_lines": 10, "excluded_lines": 0}, "missing_lines": [889, 890, 895, 898, 901, 902, 904, 905, 906, 908], "excluded_lines": []}, "BayesianMultiObjectiveOptimizer._dict_from_array": {"executed_lines": [], "summary": {"covered_lines": 0, "num_statements": 7, "percent_covered": 0.0, "percent_covered_display": "0", "missing_lines": 7, "excluded_lines": 0}, "missing_lines": [917, 918, 920, 921, 922, 924, 926], "excluded_lines": []}, "create_initial_multiphysics_state": {"executed_lines": [], "summary": {"covered_lines": 0, "num_statements": 6, "percent_covered": 0.0, "percent_covered_display": "0", "missing_lines": 6, "excluded_lines": 0}, "missing_lines": [937, 938, 939, 942, 949, 955], "excluded_lines": []}, "": {"executed_lines": [], "summary": {"covered_lines": 0, "num_statements": 67, "percent_covered": 0.0, "percent_covered_display": "0", "missing_lines": 67, "excluded_lines": 0}, "missing_lines": [12, 13, 14, 15, 16, 17, 18, 19, 20, 21, 23, 24, 25, 26, 28, 31, 32, 34, 35, 36, 37, 38, 39, 40, 41, 44, 45, 47, 48, 49, 50, 51, 52, 53, 56, 59, 87, 110, 169, 181, 194, 230, 241, 252, 293, 326, 354, 404, 455, 469, 478, 514, 555, 570, 629, 641, 644, 663, 741, 763, 798, 819, 853, 882, 886, 910, 929], "excluded_lines": []}}, "classes": {"UncertaintyQuantificationResult": {"executed_lines": [], "summary": {"covered_lines": 0, "num_statements": 0, "percent_covered": 100.0, "percent_covered_display": "100", "missing_lines": 0, "excluded_lines": 0}, "missing_lines": [], "excluded_lines": []}, "MultiPhysicsState": {"executed_lines": [], "summary": {"covered_lines": 0, "num_statements": 0, "percent_covered": 100.0, "percent_covered_display": "100", "missing_lines": 0, "excluded_lines": 0}, "missing_lines": [], "excluded_lines": []}, "AdvancedMultiPhysicsSimulator": {"executed_lines": [], "summary": {"covered_lines": 0, "num_statements": 205, "percent_covered": 0.0, "percent_covered_display": "0", "missing_lines": 205, "excluded_lines": 0}, "missing_lines": [67, 68, 69, 70, 71, 74, 75, 76, 77, 80, 81, 82, 85, 89, 92, 93, 94, 95, 96, 97, 100, 101, 102, 105, 106, 108, 118, 119, 121, 122, 125, 128, 129, 136, 137, 139, 141, 142, 143, 146, 149, 150, 151, 153, 154, 155, 157, 160, 164, 165, 167, 171, 187, 188, 189, 190, 192, 201, 202, 204, 207, 208, 210, 211, 213, 214, 215, 217, 219, 236, 239, 244, 245, 246, 247, 250, 256, 259, 261, 262, 265, 266, 271, 274, 275, 276, 279, 281, 291, 297, 300, 301, 304, 305, 307, 308, 311, 312, 314, 324, 330, 333, 336, 340, 342, 352, 357, 363, 364, 365, 368, 369, 371, 373, 374, 375, 380, 381, 382, 384, 386, 387, 390, 392, 402, 407, 412, 413, 416, 421, 422, 423, 424, 429, 430, 431, 433, 436, 437, 438, 441, 443, 453, 462, 463, 464, 465, 467, 476, 482, 483, 485, 487, 488, 491, 492, 493, 496, 499, 502, 506, 508, 509, 510, 512, 521, 522, 525, 528, 532, 536, 540, 541, 547, 563, 564, 565, 566, 568, 578, 579, 581, 584, 585, 586, 592, 593, 595, 597, 598, 599, 600, 602, 605, 606, 607, 610, 611, 612, 613, 614, 615, 616, 618, 638], "excluded_lines": []}, "BayesianMultiObjectiveOptimizer": {"executed_lines": [], "summary": {"covered_lines": 0, "num_statements": 110, "percent_covered": 0.0, "percent_covered_display": "0", "missing_lines": 110, "excluded_lines": 0}, "missing_lines": [651, 652, 653, 654, 657, 658, 659, 661, 672, 673, 676, 679, 680, 683, 684, 685, 687, 688, 689, 692, 694, 697, 702, 707, 708, 709, 712, 713, 714, 717, 718, 720, 721, 723, 725, 738, 739, 748, 749, 752, 753, 754, 755, 757, 758, 759, 761, 771, 772, 773, 774, 776, 778, 781, 788, 789, 791, 793, 794, 796, 801, 802, 806, 808, 810, 815, 817, 829, 830, 833, 834, 836, 837, 838, 839, 840, 843, 847, 848, 849, 851, 860, 862, 863, 866, 867, 868, 869, 872, 874, 876, 880, 884, 889, 890, 895, 898, 901, 902, 904, 905, 906, 908, 917, 918, 920, 921, 922, 924, 926], "excluded_lines": []}, "": {"executed_lines": [], "summary": {"covered_lines": 0, "num_statements": 73, "percent_covered": 0.0, "percent_covered_display": "0", "missing_lines": 73, "excluded_lines": 0}, "missing_lines": [12, 13, 14, 15, 16, 17, 18, 19, 20, 21, 23, 24, 25, 26, 28, 31, 32, 34, 35, 36, 37, 38, 39, 40, 41, 44, 45, 47, 48, 49, 50, 51, 52, 53, 56, 59, 87, 110, 169, 181, 194, 230, 241, 252, 293, 326, 354, 404, 455, 469, 478, 514, 555, 570, 629, 641, 644, 663, 741, 763, 798, 819, 853, 882, 886, 910, 929, 937, 938, 939, 942, 949, 955], "excluded_lines": []}}}, "phomem/batch.py": {"executed_lines": [1, 5, 6, 7, 8, 9, 10, 11, 12, 13, 15, 16, 17, 18, 20, 21, 23, 24, 25, 27, 30, 31, 32, 33, 34, 35, 36, 37, 38, 39, 40, 43, 44, 45, 46, 47, 48, 51, 52, 53, 54, 55, 56, 57, 58, 59, 60, 63, 64, 66, 102, 113, 134, 155, 198, 238, 263, 315, 344, 374, 405, 464, 506, 507, 509, 520, 536, 566], "summary": {"covered_lines": 63, "num_statements": 274, "percent_covered": 22.99270072992701, "percent_covered_display": "23", "missing_lines": 211, "excluded_lines": 0}, "missing_lines": [74, 75, 78, 79, 80, 83, 89, 90, 93, 94, 95, 96, 98, 99, 100, 104, 105, 107, 108, 110, 111, 122, 132, 143, 153, 164, 167, 168, 170, 171, 173, 174, 176, 177, 178, 179, 180, 182, 185, 186, 193, 195, 196, 208, 210, 212, 214, 215, 216, 218, 220, 221, 222, 225, 226, 233, 235, 236, 240, 242, 243, 245, 246, 249, 255, 256, 259, 261, 265, 267, 269, 270, 273, 274, 275, 276, 277, 278, 280, 283, 284, 285, 287, 288, 289, 291, 293, 300, 301, 302, 303, 304, 306, 308, 318, 319, 327, 330, 331, 338, 347, 348, 355, 358, 359, 367, 377, 380, 381, 383, 384, 386, 387, 389, 391, 393, 394, 395, 400, 411, 412, 414, 417, 419, 420, 422, 423, 426, 427, 429, 432, 433, 444, 445, 447, 457, 459, 460, 462, 466, 467, 469, 471, 472, 473, 474, 475, 476, 479, 480, 481, 482, 484, 486, 487, 488, 490, 491, 492, 493, 494, 496, 498, 500, 501, 503, 510, 511, 512, 515, 516, 517, 518, 522, 524, 525, 527, 528, 529, 530, 531, 533, 534, 538, 539, 541, 542, 543, 545, 546, 547, 548, 549, 550, 552, 553, 556, 557, 568, 569, 571, 578, 587, 588, 589, 590, 593, 594, 595, 597, 598], "excluded_lines": [], "functions": {"BatchProcessor.__init__": {"executed_lines": [], "summary": {"covered_lines": 0, "num_statements": 15, "percent_covered": 0.0, "percent_covered_display": "0", "missing_lines": 15, "excluded_lines": 0}, "missing_lines": [74, 75, 78, 79, 80, 83, 89, 90, 93, 94, 95, 96, 98, 99, 100], "excluded_lines": []}, "BatchProcessor.add_job": {"executed_lines": [], "summary": {"covered_lines": 0, "num_statements": 6, "percent_covered": 0.0, "percent_covered_display": "0", "missing_lines": 6, "excluded_lines": 0}, "missing_lines": [104, 105, 107, 108, 110, 111], "excluded_lines": []}, "BatchProcessor.add_simulation_job": {"executed_lines": [], "summary": {"covered_lines": 0, "num_statements": 2, "percent_covered": 0.0, "percent_covered_display": "0", "missing_lines": 2, "excluded_lines": 0}, "missing_lines": [122, 132], "excluded_lines": []}, "BatchProcessor.add_training_job": {"executed_lines": [], "summary": {"covered_lines": 0, "num_statements": 2, "percent_covered": 0.0, "percent_covered_display": "0", "missing_lines": 2, "excluded_lines": 0}, "missing_lines": [143, 153], "excluded_lines": []}, "BatchProcessor.add_parameter_sweep": {"executed_lines": [], "summary": {"covered_lines": 0, "num_statements": 18, "percent_covered": 0.0, "percent_covered_display": "0", "missing_lines": 18, "excluded_lines": 0}, "missing_lines": [164, 167, 168, 170, 171, 173, 174, 176, 177, 178, 179, 180, 182, 185, 186, 193, 195, 196], "excluded_lines": []}, "BatchProcessor.add_monte_carlo_jobs": {"executed_lines": [], "summary": {"covered_lines": 0, "num_statements": 15, "percent_covered": 0.0, "percent_covered_display": "0", "missing_lines": 15, "excluded_lines": 0}, "missing_lines": [208, 210, 212, 214, 215, 216, 218, 220, 221, 222, 225, 226, 233, 235, 236], "excluded_lines": []}, "BatchProcessor.get_ready_jobs": {"executed_lines": [], "summary": {"covered_lines": 0, "num_statements": 10, "percent_covered": 0.0, "percent_covered_display": "0", "missing_lines": 10, "excluded_lines": 0}, "missing_lines": [240, 242, 243, 245, 246, 249, 255, 256, 259, 261], "excluded_lines": []}, "BatchProcessor._execute_job": {"executed_lines": [], "summary": {"covered_lines": 0, "num_statements": 26, "percent_covered": 0.0, "percent_covered_display": "0", "missing_lines": 26, "excluded_lines": 0}, "missing_lines": [265, 267, 269, 270, 273, 274, 275, 276, 277, 278, 280, 283, 284, 285, 287, 288, 289, 291, 293, 300, 301, 302, 303, 304, 306, 308], "excluded_lines": []}, "BatchProcessor._run_simulation": {"executed_lines": [], "summary": {"covered_lines": 0, "num_statements": 6, "percent_covered": 0.0, "percent_covered_display": "0", "missing_lines": 6, "excluded_lines": 0}, "missing_lines": [318, 319, 327, 330, 331, 338], "excluded_lines": []}, "BatchProcessor._run_training": {"executed_lines": [], "summary": {"covered_lines": 0, "num_statements": 6, "percent_covered": 0.0, "percent_covered_display": "0", "missing_lines": 6, "excluded_lines": 0}, "missing_lines": [347, 348, 355, 358, 359, 367], "excluded_lines": []}, "BatchProcessor._run_analysis": {"executed_lines": [], "summary": {"covered_lines": 0, "num_statements": 13, "percent_covered": 0.0, "percent_covered_display": "0", "missing_lines": 13, "excluded_lines": 0}, "missing_lines": [377, 380, 381, 383, 384, 386, 387, 389, 391, 393, 394, 395, 400], "excluded_lines": []}, "BatchProcessor.process_batch": {"executed_lines": [], "summary": {"covered_lines": 0, "num_statements": 20, "percent_covered": 0.0, "percent_covered_display": "0", "missing_lines": 20, "excluded_lines": 0}, "missing_lines": [411, 412, 414, 417, 419, 420, 422, 423, 426, 427, 429, 432, 433, 444, 445, 447, 457, 459, 460, 462], "excluded_lines": []}, "BatchProcessor._process_with_executor": {"executed_lines": [], "summary": {"covered_lines": 0, "num_statements": 27, "percent_covered": 0.0, "percent_covered_display": "0", "missing_lines": 27, "excluded_lines": 0}, "missing_lines": [466, 467, 469, 471, 472, 473, 474, 475, 476, 479, 480, 481, 482, 484, 486, 487, 488, 490, 491, 492, 493, 494, 496, 498, 500, 501, 503], "excluded_lines": []}, "BatchAnalyzer.__init__": {"executed_lines": [], "summary": {"covered_lines": 0, "num_statements": 7, "percent_covered": 0.0, "percent_covered_display": "0", "missing_lines": 7, "excluded_lines": 0}, "missing_lines": [510, 511, 512, 515, 516, 517, 518], "excluded_lines": []}, "BatchAnalyzer.load_results": {"executed_lines": [], "summary": {"covered_lines": 0, "num_statements": 10, "percent_covered": 0.0, "percent_covered_display": "0", "missing_lines": 10, "excluded_lines": 0}, "missing_lines": [522, 524, 525, 527, 528, 529, 530, 531, 533, 534], "excluded_lines": []}, "BatchAnalyzer.aggregate_metrics": {"executed_lines": [], "summary": {"covered_lines": 0, "num_statements": 15, "percent_covered": 0.0, "percent_covered_display": "0", "missing_lines": 15, "excluded_lines": 0}, "missing_lines": [538, 539, 541, 542, 543, 545, 546, 547, 548, 549, 550, 552, 553, 556, 557], "excluded_lines": []}, "BatchAnalyzer.generate_report": {"executed_lines": [], "summary": {"covered_lines": 0, "num_statements": 13, "percent_covered": 0.0, "percent_covered_display": "0", "missing_lines": 13, "excluded_lines": 0}, "missing_lines": [568, 569, 571, 578, 587, 588, 589, 590, 593, 594, 595, 597, 598], "excluded_lines": []}, "": {"executed_lines": [1, 5, 6, 7, 8, 9, 10, 11, 12, 13, 15, 16, 17, 18, 20, 21, 23, 24, 25, 27, 30, 31, 32, 33, 34, 35, 36, 37, 38, 39, 40, 43, 44, 45, 46, 47, 48, 51, 52, 53, 54, 55, 56, 57, 58, 59, 60, 63, 64, 66, 102, 113, 134, 155, 198, 238, 263, 315, 344, 374, 405, 464, 506, 507, 509, 520, 536, 566], "summary": {"covered_lines": 63, "num_statements": 63, "percent_covered": 100.0, "percent_covered_display": "100", "missing_lines": 0, "excluded_lines": 0}, "missing_lines": [], "excluded_lines": []}}, "classes": {"BatchJob": {"executed_lines": [], "summary": {"covered_lines": 0, "num_statements": 0, "percent_covered": 100.0, "percent_covered_display": "100", "missing_lines": 0, "excluded_lines": 0}, "missing_lines": [], "excluded_lines": []}, "BatchResults": {"executed_lines": [], "summary": {"covered_lines": 0, "num_statements": 0, "percent_covered": 100.0, "percent_covered_display": "100", "missing_lines": 0, "excluded_lines": 0}, "missing_lines": [], "excluded_lines": []}, "BatchProcessor": {"executed_lines": [], "summary": {"covered_lines": 0, "num_statements": 166, "percent_covered": 0.0, "percent_covered_display": "0", "missing_lines": 166, "excluded_lines": 0}, "missing_lines": [74, 75, 78, 79, 80, 83, 89, 90, 93, 94, 95, 96, 98, 99, 100, 104, 105, 107, 108, 110, 111, 122, 132, 143, 153, 164, 167, 168, 170, 171, 173, 174, 176, 177, 178, 179, 180, 182, 185, 186, 193, 195, 196, 208, 210, 212, 214, 215, 216, 218, 220, 221, 222, 225, 226, 233, 235, 236, 240, 242, 243, 245, 246, 249, 255, 256, 259, 261, 265, 267, 269, 270, 273, 274, 275, 276, 277, 278, 280, 283, 284, 285, 287, 288, 289, 291, 293, 300, 301, 302, 303, 304, 306, 308, 318, 319, 327, 330, 331, 338, 347, 348, 355, 358, 359, 367, 377, 380, 381, 383, 384, 386, 387, 389, 391, 393, 394, 395, 400, 411, 412, 414, 417, 419, 420, 422, 423, 426, 427, 429, 432, 433, 444, 445, 447, 457, 459, 460, 462, 466, 467, 469, 471, 472, 473, 474, 475, 476, 479, 480, 481, 482, 484, 486, 487, 488, 490, 491, 492, 493, 494, 496, 498, 500, 501, 503], "excluded_lines": []}, "BatchAnalyzer": {"executed_lines": [], "summary": {"covered_lines": 0, "num_statements": 45, "percent_covered": 0.0, "percent_covered_display": "0", "missing_lines": 45, "excluded_lines": 0}, "missing_lines": [510, 511, 512, 515, 516, 517, 518, 522, 524, 525, 527, 528, 529, 530, 531, 533, 534, 538, 539, 541, 542, 543, 545, 546, 547, 548, 549, 550, 552, 553, 556, 557, 568, 569, 571, 578, 587, 588, 589, 590, 593, 594, 595, 597, 598], "excluded_lines": []}, "": {"executed_lines": [1, 5, 6, 7, 8, 9, 10, 11, 12, 13, 15, 16, 17, 18, 20, 21, 23, 24, 25, 27, 30, 31, 32, 33, 34, 35, 36, 37, 38, 39, 40, 43, 44, 45, 46, 47, 48, 51, 52, 53, 54, 55, 56, 57, 58, 59, 60, 63, 64, 66, 102, 113, 134, 155, 198, 238, 263, 315, 344, 374, 405, 464, 506, 507, 509, 520, 536, 566], "summary": {"covered_lines": 63, "num_statements": 63, "percent_covered": 100.0, "percent_covered_display": "100", "missing_lines": 0, "excluded_lines": 0}, "missing_lines": [], "excluded_lines": []}}}, "phomem/benchmarking.py": {"executed_lines": [1, 5, 6, 7, 8, 9, 10, 11, 12, 13, 14, 15, 16, 18, 20, 21, 22, 24, 27, 28, 29, 30, 31, 32, 33, 34, 35, 36, 37, 38, 41, 42, 43, 44, 45, 46, 47, 48, 49, 52, 53, 55, 72, 77, 88, 154, 202, 256, 310, 346, 379, 415, 461, 510, 560, 615, 673, 731, 779, 838, 929, 955], "summary": {"covered_lines": 58, "num_statements": 436, "percent_covered": 13.302752293577981, "percent_covered_display": "13", "missing_lines": 378, "excluded_lines": 0}, "missing_lines": [56, 57, 60, 66, 69, 70, 74, 75, 79, 80, 81, 82, 83, 84, 85, 86, 95, 96, 99, 100, 103, 106, 108, 109, 110, 111, 113, 116, 117, 118, 119, 123, 124, 125, 128, 129, 132, 135, 136, 139, 149, 151, 152, 157, 158, 161, 162, 164, 165, 167, 170, 171, 172, 179, 188, 189, 191, 193, 194, 195, 208, 209, 212, 213, 216, 228, 229, 230, 231, 232, 233, 234, 237, 238, 239, 240, 241, 242, 243, 245, 258, 259, 262, 271, 272, 273, 276, 277, 278, 281, 282, 283, 284, 285, 286, 289, 290, 291, 292, 293, 301, 302, 304, 306, 307, 308, 312, 313, 316, 317, 320, 321, 324, 325, 327, 328, 331, 332, 333, 335, 337, 348, 349, 350, 353, 373, 374, 376, 381, 382, 384, 385, 387, 389, 398, 399, 401, 402, 404, 405, 406, 408, 417, 418, 421, 430, 431, 434, 436, 437, 440, 441, 444, 445, 447, 448, 450, 451, 452, 454, 463, 470, 479, 480, 481, 482, 485, 488, 489, 491, 492, 495, 499, 500, 502, 513, 522, 530, 531, 533, 535, 536, 538, 539, 546, 547, 549, 550, 551, 553, 562, 569, 570, 572, 574, 575, 578, 580, 582, 589, 590, 593, 594, 597, 598, 600, 602, 603, 604, 605, 607, 617, 624, 625, 627, 630, 631, 633, 634, 635, 637, 639, 642, 643, 646, 647, 649, 650, 652, 653, 655, 661, 662, 663, 666, 667, 668, 669, 671, 675, 678, 684, 685, 687, 689, 691, 692, 698, 703, 705, 713, 715, 717, 727, 728, 729, 733, 735, 741, 747, 752, 754, 756, 765, 767, 775, 776, 777, 781, 782, 783, 784, 785, 786, 789, 790, 791, 792, 793, 794, 795, 796, 799, 800, 801, 802, 803, 804, 805, 808, 810, 811, 812, 814, 815, 816, 819, 820, 821, 822, 824, 825, 827, 828, 831, 832, 834, 836, 844, 845, 848, 849, 850, 851, 852, 855, 856, 857, 858, 859, 860, 861, 862, 865, 866, 867, 868, 869, 872, 873, 874, 875, 876, 877, 878, 881, 882, 883, 884, 885, 886, 887, 888, 891, 892, 893, 896, 899, 900, 903, 905, 906, 907, 908, 909, 910, 911, 914, 915, 916, 918, 920, 921, 922, 924, 926, 931, 934, 940, 941, 943, 944, 947, 948, 950, 952, 957, 958], "excluded_lines": [], "functions": {"PerformanceBenchmark.__init__": {"executed_lines": [], "summary": {"covered_lines": 0, "num_statements": 6, "percent_covered": 0.0, "percent_covered_display": "0", "missing_lines": 6, "excluded_lines": 0}, "missing_lines": [56, 57, 60, 66, 69, 70], "excluded_lines": []}, "PerformanceBenchmark.register_benchmark": {"executed_lines": [], "summary": {"covered_lines": 0, "num_statements": 2, "percent_covered": 0.0, "percent_covered_display": "0", "missing_lines": 2, "excluded_lines": 0}, "missing_lines": [74, 75], "excluded_lines": []}, "PerformanceBenchmark.register_default_benchmarks": {"executed_lines": [], "summary": {"covered_lines": 0, "num_statements": 8, "percent_covered": 0.0, "percent_covered_display": "0", "missing_lines": 8, "excluded_lines": 0}, "missing_lines": [79, 80, 81, 82, 83, 84, 85, 86], "excluded_lines": []}, "PerformanceBenchmark.run_benchmark_suite": {"executed_lines": [], "summary": {"covered_lines": 0, "num_statements": 27, "percent_covered": 0.0, "percent_covered_display": "0", "missing_lines": 27, "excluded_lines": 0}, "missing_lines": [95, 96, 99, 100, 103, 106, 108, 109, 110, 111, 113, 116, 117, 118, 119, 123, 124, 125, 128, 129, 132, 135, 136, 139, 149, 151, 152], "excluded_lines": []}, "PerformanceBenchmark._run_single_benchmark": {"executed_lines": [], "summary": {"covered_lines": 0, "num_statements": 17, "percent_covered": 0.0, "percent_covered_display": "0", "missing_lines": 17, "excluded_lines": 0}, "missing_lines": [157, 158, 161, 162, 164, 165, 167, 170, 171, 172, 179, 188, 189, 191, 193, 194, 195], "excluded_lines": []}, "PerformanceBenchmark._aggregate_benchmark_results": {"executed_lines": [], "summary": {"covered_lines": 0, "num_statements": 20, "percent_covered": 0.0, "percent_covered_display": "0", "missing_lines": 20, "excluded_lines": 0}, "missing_lines": [208, 209, 212, 213, 216, 228, 229, 230, 231, 232, 233, 234, 237, 238, 239, 240, 241, 242, 243, 245], "excluded_lines": []}, "PerformanceBenchmark._collect_system_info": {"executed_lines": [], "summary": {"covered_lines": 0, "num_statements": 26, "percent_covered": 0.0, "percent_covered_display": "0", "missing_lines": 26, "excluded_lines": 0}, "missing_lines": [258, 259, 262, 271, 272, 273, 276, 277, 278, 281, 282, 283, 284, 285, 286, 289, 290, 291, 292, 293, 301, 302, 304, 306, 307, 308], "excluded_lines": []}, "PerformanceBenchmark._calculate_suite_summary": {"executed_lines": [], "summary": {"covered_lines": 0, "num_statements": 15, "percent_covered": 0.0, "percent_covered_display": "0", "missing_lines": 15, "excluded_lines": 0}, "missing_lines": [312, 313, 316, 317, 320, 321, 324, 325, 327, 328, 331, 332, 333, 335, 337], "excluded_lines": []}, "PerformanceBenchmark._save_benchmark_suite": {"executed_lines": [], "summary": {"covered_lines": 0, "num_statements": 7, "percent_covered": 0.0, "percent_covered_display": "0", "missing_lines": 7, "excluded_lines": 0}, "missing_lines": [348, 349, 350, 353, 373, 374, 376], "excluded_lines": []}, "PerformanceBenchmark._benchmark_network_creation": {"executed_lines": [], "summary": {"covered_lines": 0, "num_statements": 14, "percent_covered": 0.0, "percent_covered_display": "0", "missing_lines": 14, "excluded_lines": 0}, "missing_lines": [381, 382, 384, 385, 387, 389, 398, 399, 401, 402, 404, 405, 406, 408], "excluded_lines": []}, "PerformanceBenchmark._benchmark_forward_pass": {"executed_lines": [], "summary": {"covered_lines": 0, "num_statements": 18, "percent_covered": 0.0, "percent_covered_display": "0", "missing_lines": 18, "excluded_lines": 0}, "missing_lines": [417, 418, 421, 430, 431, 434, 436, 437, 440, 441, 444, 445, 447, 448, 450, 451, 452, 454], "excluded_lines": []}, "PerformanceBenchmark._benchmark_training_step": {"executed_lines": [], "summary": {"covered_lines": 0, "num_statements": 15, "percent_covered": 0.0, "percent_covered_display": "0", "missing_lines": 15, "excluded_lines": 0}, "missing_lines": [463, 470, 479, 480, 481, 482, 485, 488, 489, 491, 492, 495, 499, 500, 502], "excluded_lines": []}, "PerformanceBenchmark._benchmark_simulation_basic": {"executed_lines": [], "summary": {"covered_lines": 0, "num_statements": 15, "percent_covered": 0.0, "percent_covered_display": "0", "missing_lines": 15, "excluded_lines": 0}, "missing_lines": [513, 522, 530, 531, 533, 535, 536, 538, 539, 546, 547, 549, 550, 551, 553], "excluded_lines": []}, "PerformanceBenchmark._benchmark_memory_scaling": {"executed_lines": [], "summary": {"covered_lines": 0, "num_statements": 21, "percent_covered": 0.0, "percent_covered_display": "0", "missing_lines": 21, "excluded_lines": 0}, "missing_lines": [562, 569, 570, 572, 574, 575, 578, 580, 582, 589, 590, 593, 594, 597, 598, 600, 602, 603, 604, 605, 607], "excluded_lines": []}, "PerformanceBenchmark._benchmark_cpu_vs_gpu": {"executed_lines": [], "summary": {"covered_lines": 0, "num_statements": 28, "percent_covered": 0.0, "percent_covered_display": "0", "missing_lines": 28, "excluded_lines": 0}, "missing_lines": [617, 624, 625, 627, 630, 631, 633, 634, 635, 637, 639, 642, 643, 646, 647, 649, 650, 652, 653, 655, 661, 662, 663, 666, 667, 668, 669, 671], "excluded_lines": []}, "PerformanceBenchmark._benchmark_batch_processing": {"executed_lines": [], "summary": {"covered_lines": 0, "num_statements": 17, "percent_covered": 0.0, "percent_covered_display": "0", "missing_lines": 17, "excluded_lines": 0}, "missing_lines": [675, 678, 684, 685, 687, 689, 691, 692, 698, 703, 705, 713, 715, 717, 727, 728, 729], "excluded_lines": []}, "PerformanceBenchmark._benchmark_parameter_sweep": {"executed_lines": [], "summary": {"covered_lines": 0, "num_statements": 12, "percent_covered": 0.0, "percent_covered_display": "0", "missing_lines": 12, "excluded_lines": 0}, "missing_lines": [733, 735, 741, 747, 752, 754, 756, 765, 767, 775, 776, 777], "excluded_lines": []}, "PerformanceBenchmark.generate_benchmark_report": {"executed_lines": [], "summary": {"covered_lines": 0, "num_statements": 40, "percent_covered": 0.0, "percent_covered_display": "0", "missing_lines": 40, "excluded_lines": 0}, "missing_lines": [781, 782, 783, 784, 785, 786, 789, 790, 791, 792, 793, 794, 795, 796, 799, 800, 801, 802, 803, 804, 805, 808, 810, 811, 812, 814, 815, 816, 819, 820, 821, 822, 824, 825, 827, 828, 831, 832, 834, 836], "excluded_lines": []}, "PerformanceBenchmark.plot_benchmark_results": {"executed_lines": [], "summary": {"covered_lines": 0, "num_statements": 58, "percent_covered": 0.0, "percent_covered_display": "0", "missing_lines": 58, "excluded_lines": 0}, "missing_lines": [844, 845, 848, 849, 850, 851, 852, 855, 856, 857, 858, 859, 860, 861, 862, 865, 866, 867, 868, 869, 872, 873, 874, 875, 876, 877, 878, 881, 882, 883, 884, 885, 886, 887, 888, 891, 892, 893, 896, 899, 900, 903, 905, 906, 907, 908, 909, 910, 911, 914, 915, 916, 918, 920, 921, 922, 924, 926], "excluded_lines": []}, "run_comprehensive_benchmark": {"executed_lines": [], "summary": {"covered_lines": 0, "num_statements": 10, "percent_covered": 0.0, "percent_covered_display": "0", "missing_lines": 10, "excluded_lines": 0}, "missing_lines": [931, 934, 940, 941, 943, 944, 947, 948, 950, 952], "excluded_lines": []}, "": {"executed_lines": [1, 5, 6, 7, 8, 9, 10, 11, 12, 13, 14, 15, 16, 18, 20, 21, 22, 24, 27, 28, 29, 30, 31, 32, 33, 34, 35, 36, 37, 38, 41, 42, 43, 44, 45, 46, 47, 48, 49, 52, 53, 55, 72, 77, 88, 154, 202, 256, 310, 346, 379, 415, 461, 510, 560, 615, 673, 731, 779, 838, 929, 955], "summary": {"covered_lines": 58, "num_statements": 60, "percent_covered": 96.66666666666667, "percent_covered_display": "97", "missing_lines": 2, "excluded_lines": 0}, "missing_lines": [957, 958], "excluded_lines": []}}, "classes": {"BenchmarkResult": {"executed_lines": [], "summary": {"covered_lines": 0, "num_statements": 0, "percent_covered": 100.0, "percent_covered_display": "100", "missing_lines": 0, "excluded_lines": 0}, "missing_lines": [], "excluded_lines": []}, "BenchmarkSuite": {"executed_lines": [], "summary": {"covered_lines": 0, "num_statements": 0, "percent_covered": 100.0, "percent_covered_display": "100", "missing_lines": 0, "excluded_lines": 0}, "missing_lines": [], "excluded_lines": []}, "PerformanceBenchmark": {"executed_lines": [], "summary": {"covered_lines": 0, "num_statements": 366, "percent_covered": 0.0, "percent_covered_display": "0", "missing_lines": 366, "excluded_lines": 0}, "missing_lines": [56, 57, 60, 66, 69, 70, 74, 75, 79, 80, 81, 82, 83, 84, 85, 86, 95, 96, 99, 100, 103, 106, 108, 109, 110, 111, 113, 116, 117, 118, 119, 123, 124, 125, 128, 129, 132, 135, 136, 139, 149, 151, 152, 157, 158, 161, 162, 164, 165, 167, 170, 171, 172, 179, 188, 189, 191, 193, 194, 195, 208, 209, 212, 213, 216, 228, 229, 230, 231, 232, 233, 234, 237, 238, 239, 240, 241, 242, 243, 245, 258, 259, 262, 271, 272, 273, 276, 277, 278, 281, 282, 283, 284, 285, 286, 289, 290, 291, 292, 293, 301, 302, 304, 306, 307, 308, 312, 313, 316, 317, 320, 321, 324, 325, 327, 328, 331, 332, 333, 335, 337, 348, 349, 350, 353, 373, 374, 376, 381, 382, 384, 385, 387, 389, 398, 399, 401, 402, 404, 405, 406, 408, 417, 418, 421, 430, 431, 434, 436, 437, 440, 441, 444, 445, 447, 448, 450, 451, 452, 454, 463, 470, 479, 480, 481, 482, 485, 488, 489, 491, 492, 495, 499, 500, 502, 513, 522, 530, 531, 533, 535, 536, 538, 539, 546, 547, 549, 550, 551, 553, 562, 569, 570, 572, 574, 575, 578, 580, 582, 589, 590, 593, 594, 597, 598, 600, 602, 603, 604, 605, 607, 617, 624, 625, 627, 630, 631, 633, 634, 635, 637, 639, 642, 643, 646, 647, 649, 650, 652, 653, 655, 661, 662, 663, 666, 667, 668, 669, 671, 675, 678, 684, 685, 687, 689, 691, 692, 698, 703, 705, 713, 715, 717, 727, 728, 729, 733, 735, 741, 747, 752, 754, 756, 765, 767, 775, 776, 777, 781, 782, 783, 784, 785, 786, 789, 790, 791, 792, 793, 794, 795, 796, 799, 800, 801, 802, 803, 804, 805, 808, 810, 811, 812, 814, 815, 816, 819, 820, 821, 822, 824, 825, 827, 828, 831, 832, 834, 836, 844, 845, 848, 849, 850, 851, 852, 855, 856, 857, 858, 859, 860, 861, 862, 865, 866, 867, 868, 869, 872, 873, 874, 875, 876, 877, 878, 881, 882, 883, 884, 885, 886, 887, 888, 891, 892, 893, 896, 899, 900, 903, 905, 906, 907, 908, 909, 910, 911, 914, 915, 916, 918, 920, 921, 922, 924, 926], "excluded_lines": []}, "": {"executed_lines": [1, 5, 6, 7, 8, 9, 10, 11, 12, 13, 14, 15, 16, 18, 20, 21, 22, 24, 27, 28, 29, 30, 31, 32, 33, 34, 35, 36, 37, 38, 41, 42, 43, 44, 45, 46, 47, 48, 49, 52, 53, 55, 72, 77, 88, 154, 202, 256, 310, 346, 379, 415, 461, 510, 560, 615, 673, 731, 779, 838, 929, 955], "summary": {"covered_lines": 58, "num_statements": 70, "percent_covered": 82.85714285714286, "percent_covered_display": "83", "missing_lines": 12, "excluded_lines": 0}, "missing_lines": [931, 934, 940, 941, 943, 944, 947, 948, 950, 952, 957, 958], "excluded_lines": []}}}, "phomem/breakthrough_algorithms.py": {"executed_lines": [], "summary": {"covered_lines": 0, "num_statements": 484, "percent_covered": 0.0, "percent_covered_display": "0", "missing_lines": 484, "excluded_lines": 0}, "missing_lines": [9, 10, 11, 12, 13, 14, 15, 16, 17, 18, 19, 21, 22, 23, 26, 27, 29, 30, 31, 32, 33, 34, 35, 36, 37, 38, 41, 50, 52, 53, 60, 63, 64, 67, 70, 71, 73, 75, 82, 84, 87, 90, 93, 96, 102, 109, 111, 120, 123, 126, 127, 128, 129, 131, 138, 140, 142, 150, 153, 154, 157, 159, 161, 170, 173, 177, 180, 182, 184, 192, 195, 196, 199, 205, 208, 211, 213, 220, 221, 223, 224, 227, 228, 231, 232, 234, 235, 236, 237, 239, 240, 243, 245, 247, 256, 262, 264, 266, 271, 272, 273, 275, 276, 278, 280, 282, 286, 287, 290, 291, 293, 294, 296, 298, 300, 307, 308, 310, 313, 315, 317, 321, 322, 325, 327, 330, 339, 341, 342, 349, 352, 353, 356, 359, 361, 363, 366, 371, 376, 377, 381, 384, 387, 388, 397, 399, 406, 407, 410, 411, 412, 413, 414, 415, 419, 420, 423, 424, 425, 426, 427, 429, 430, 433, 435, 437, 444, 447, 448, 451, 452, 455, 464, 466, 474, 477, 480, 482, 483, 484, 486, 492, 497, 499, 501, 509, 512, 515, 518, 525, 526, 531, 533, 542, 543, 547, 548, 549, 551, 552, 555, 556, 561, 563, 574, 575, 578, 579, 582, 587, 589, 592, 598, 599, 600, 601, 604, 606, 608, 611, 612, 620, 623, 626, 628, 630, 634, 638, 639, 640, 643, 644, 645, 646, 648, 650, 652, 659, 661, 662, 663, 664, 666, 667, 668, 670, 672, 674, 676, 678, 681, 682, 687, 689, 690, 691, 694, 695, 697, 702, 704, 706, 708, 712, 715, 716, 719, 722, 724, 726, 729, 732, 733, 735, 736, 737, 739, 740, 741, 744, 745, 747, 748, 750, 751, 757, 759, 762, 765, 766, 768, 769, 771, 773, 775, 782, 783, 785, 788, 789, 791, 793, 794, 795, 798, 799, 802, 803, 805, 807, 810, 819, 821, 822, 829, 832, 833, 836, 839, 842, 843, 845, 846, 852, 853, 856, 864, 866, 870, 880, 885, 887, 895, 901, 904, 908, 911, 915, 917, 921, 923, 927, 929, 933, 935, 943, 945, 951, 952, 953, 954, 956, 958, 960, 961, 963, 964, 966, 973, 975, 977, 986, 987, 988, 991, 997, 1000, 1004, 1007, 1008, 1010, 1012, 1018, 1019, 1021, 1023, 1024, 1026, 1027, 1030, 1032, 1034, 1041, 1046, 1051, 1058, 1059, 1061, 1063, 1065, 1072, 1074, 1075, 1076, 1077, 1079, 1081, 1083, 1089, 1090, 1093, 1094, 1097, 1098, 1099, 1102, 1103, 1105, 1107, 1109, 1117, 1120, 1121, 1122, 1125, 1128, 1129, 1132, 1135, 1138, 1140, 1144, 1147, 1161, 1162, 1163, 1166, 1167, 1168, 1170, 1172, 1173, 1176, 1177, 1179, 1180, 1184, 1185, 1186, 1187, 1188, 1191, 1192, 1194, 1195, 1199, 1200, 1201, 1202, 1203, 1206, 1207, 1209, 1210, 1214, 1215, 1216, 1217, 1218, 1221, 1222, 1224, 1226, 1229, 1230, 1231, 1232, 1235, 1236, 1237, 1238, 1241, 1242, 1243, 1244, 1246, 1247, 1248, 1250, 1251, 1252, 1254, 1255, 1256], "excluded_lines": [], "functions": {"HolographicNeuralNetworks.__call__": {"executed_lines": [], "summary": {"covered_lines": 0, "num_statements": 16, "percent_covered": 0.0, "percent_covered_display": "0", "missing_lines": 16, "excluded_lines": 0}, "missing_lines": [60, 63, 64, 67, 70, 71, 73, 75, 82, 84, 87, 90, 93, 96, 102, 109], "excluded_lines": []}, "HolographicNeuralNetworks._generate_reference_wave": {"executed_lines": [], "summary": {"covered_lines": 0, "num_statements": 9, "percent_covered": 0.0, "percent_covered_display": "0", "missing_lines": 9, "excluded_lines": 0}, "missing_lines": [120, 123, 126, 127, 128, 129, 131, 138, 140], "excluded_lines": []}, "HolographicNeuralNetworks._create_holographic_interference": {"executed_lines": [], "summary": {"covered_lines": 0, "num_statements": 5, "percent_covered": 0.0, "percent_covered_display": "0", "missing_lines": 5, "excluded_lines": 0}, "missing_lines": [150, 153, 154, 157, 159], "excluded_lines": []}, "HolographicNeuralNetworks._holographic_reconstruction": {"executed_lines": [], "summary": {"covered_lines": 0, "num_statements": 5, "percent_covered": 0.0, "percent_covered_display": "0", "missing_lines": 5, "excluded_lines": 0}, "missing_lines": [170, 173, 177, 180, 182], "excluded_lines": []}, "HolographicNeuralNetworks._holographic_transformation": {"executed_lines": [], "summary": {"covered_lines": 0, "num_statements": 7, "percent_covered": 0.0, "percent_covered_display": "0", "missing_lines": 7, "excluded_lines": 0}, "missing_lines": [192, 195, 196, 199, 205, 208, 211], "excluded_lines": []}, "HolographicNeuralNetworks._multi_scale_holographic_fusion": {"executed_lines": [], "summary": {"covered_lines": 0, "num_statements": 16, "percent_covered": 0.0, "percent_covered_display": "0", "missing_lines": 16, "excluded_lines": 0}, "missing_lines": [220, 221, 223, 224, 227, 228, 231, 232, 234, 235, 236, 237, 239, 240, 243, 245], "excluded_lines": []}, "HolographicNeuralNetworks._measure_holographic_fidelity": {"executed_lines": [], "summary": {"covered_lines": 0, "num_statements": 3, "percent_covered": 0.0, "percent_covered_display": "0", "missing_lines": 3, "excluded_lines": 0}, "missing_lines": [256, 262, 264], "excluded_lines": []}, "HolographicNeuralNetworks._compute_information_density": {"executed_lines": [], "summary": {"covered_lines": 0, "num_statements": 7, "percent_covered": 0.0, "percent_covered_display": "0", "missing_lines": 7, "excluded_lines": 0}, "missing_lines": [271, 272, 273, 275, 276, 278, 280], "excluded_lines": []}, "HolographicNeuralNetworks._compute_coherence_length": {"executed_lines": [], "summary": {"covered_lines": 0, "num_statements": 8, "percent_covered": 0.0, "percent_covered_display": "0", "missing_lines": 8, "excluded_lines": 0}, "missing_lines": [286, 287, 290, 291, 293, 294, 296, 298], "excluded_lines": []}, "HolographicNeuralNetworks._assess_reconstruction_quality": {"executed_lines": [], "summary": {"covered_lines": 0, "num_statements": 5, "percent_covered": 0.0, "percent_covered_display": "0", "missing_lines": 5, "excluded_lines": 0}, "missing_lines": [307, 308, 310, 313, 315], "excluded_lines": []}, "HolographicNeuralNetworks._estimate_storage_capacity": {"executed_lines": [], "summary": {"covered_lines": 0, "num_statements": 4, "percent_covered": 0.0, "percent_covered_display": "0", "missing_lines": 4, "excluded_lines": 0}, "missing_lines": [321, 322, 325, 327], "excluded_lines": []}, "TopologicalNeuralArchitectures.__call__": {"executed_lines": [], "summary": {"covered_lines": 0, "num_statements": 16, "percent_covered": 0.0, "percent_covered_display": "0", "missing_lines": 16, "excluded_lines": 0}, "missing_lines": [349, 352, 353, 356, 359, 361, 363, 366, 371, 376, 377, 381, 384, 387, 388, 397], "excluded_lines": []}, "TopologicalNeuralArchitectures._initialize_topological_structure": {"executed_lines": [], "summary": {"covered_lines": 0, "num_statements": 19, "percent_covered": 0.0, "percent_covered_display": "0", "missing_lines": 19, "excluded_lines": 0}, "missing_lines": [406, 407, 410, 411, 412, 413, 414, 415, 419, 420, 423, 424, 425, 426, 427, 429, 430, 433, 435], "excluded_lines": []}, "TopologicalNeuralArchitectures._compute_topological_invariants": {"executed_lines": [], "summary": {"covered_lines": 0, "num_statements": 7, "percent_covered": 0.0, "percent_covered_display": "0", "missing_lines": 7, "excluded_lines": 0}, "missing_lines": [444, 447, 448, 451, 452, 455, 464], "excluded_lines": []}, "TopologicalNeuralArchitectures._compute_edge_messages": {"executed_lines": [], "summary": {"covered_lines": 0, "num_statements": 10, "percent_covered": 0.0, "percent_covered_display": "0", "missing_lines": 10, "excluded_lines": 0}, "missing_lines": [474, 477, 480, 482, 483, 484, 486, 492, 497, 499], "excluded_lines": []}, "TopologicalNeuralArchitectures._topologically_protected_update": {"executed_lines": [], "summary": {"covered_lines": 0, "num_statements": 7, "percent_covered": 0.0, "percent_covered_display": "0", "missing_lines": 7, "excluded_lines": 0}, "missing_lines": [509, 512, 515, 518, 525, 526, 531], "excluded_lines": []}, "TopologicalNeuralArchitectures._enforce_topological_constraints": {"executed_lines": [], "summary": {"covered_lines": 0, "num_statements": 10, "percent_covered": 0.0, "percent_covered_display": "0", "missing_lines": 10, "excluded_lines": 0}, "missing_lines": [542, 543, 547, 548, 549, 551, 552, 555, 556, 561], "excluded_lines": []}, "TopologicalNeuralArchitectures._topological_readout": {"executed_lines": [], "summary": {"covered_lines": 0, "num_statements": 6, "percent_covered": 0.0, "percent_covered_display": "0", "missing_lines": 6, "excluded_lines": 0}, "missing_lines": [574, 575, 578, 579, 582, 587], "excluded_lines": []}, "TopologicalNeuralArchitectures._compute_isoperimetric_number": {"executed_lines": [], "summary": {"covered_lines": 0, "num_statements": 7, "percent_covered": 0.0, "percent_covered_display": "0", "missing_lines": 7, "excluded_lines": 0}, "missing_lines": [592, 598, 599, 600, 601, 604, 606], "excluded_lines": []}, "TopologicalNeuralArchitectures._estimate_graph_genus": {"executed_lines": [], "summary": {"covered_lines": 0, "num_statements": 6, "percent_covered": 0.0, "percent_covered_display": "0", "missing_lines": 6, "excluded_lines": 0}, "missing_lines": [611, 612, 620, 623, 626, 628], "excluded_lines": []}, "TopologicalNeuralArchitectures._estimate_chromatic_number": {"executed_lines": [], "summary": {"covered_lines": 0, "num_statements": 10, "percent_covered": 0.0, "percent_covered_display": "0", "missing_lines": 10, "excluded_lines": 0}, "missing_lines": [634, 638, 639, 640, 643, 644, 645, 646, 648, 650], "excluded_lines": []}, "TopologicalNeuralArchitectures._measure_invariant_stability": {"executed_lines": [], "summary": {"covered_lines": 0, "num_statements": 12, "percent_covered": 0.0, "percent_covered_display": "0", "missing_lines": 12, "excluded_lines": 0}, "missing_lines": [659, 661, 662, 663, 664, 666, 667, 668, 670, 672, 674, 676], "excluded_lines": []}, "TopologicalNeuralArchitectures._assess_topological_protection": {"executed_lines": [], "summary": {"covered_lines": 0, "num_statements": 12, "percent_covered": 0.0, "percent_covered_display": "0", "missing_lines": 12, "excluded_lines": 0}, "missing_lines": [681, 682, 687, 689, 690, 691, 694, 695, 697, 702, 704, 706], "excluded_lines": []}, "TopologicalNeuralArchitectures._compute_pairwise_distances": {"executed_lines": [], "summary": {"covered_lines": 0, "num_statements": 6, "percent_covered": 0.0, "percent_covered_display": "0", "missing_lines": 6, "excluded_lines": 0}, "missing_lines": [712, 715, 716, 719, 722, 724], "excluded_lines": []}, "TopologicalNeuralArchitectures._analyze_edge_criticality": {"executed_lines": [], "summary": {"covered_lines": 0, "num_statements": 16, "percent_covered": 0.0, "percent_covered_display": "0", "missing_lines": 16, "excluded_lines": 0}, "missing_lines": [729, 732, 733, 735, 736, 737, 739, 740, 741, 744, 745, 747, 748, 750, 751, 757], "excluded_lines": []}, "TopologicalNeuralArchitectures._measure_network_connectivity": {"executed_lines": [], "summary": {"covered_lines": 0, "num_statements": 7, "percent_covered": 0.0, "percent_covered_display": "0", "missing_lines": 7, "excluded_lines": 0}, "missing_lines": [762, 765, 766, 768, 769, 771, 773], "excluded_lines": []}, "TopologicalNeuralArchitectures._evaluate_network_robustness": {"executed_lines": [], "summary": {"covered_lines": 0, "num_statements": 15, "percent_covered": 0.0, "percent_covered_display": "0", "missing_lines": 15, "excluded_lines": 0}, "missing_lines": [782, 783, 785, 788, 789, 791, 793, 794, 795, 798, 799, 802, 803, 805, 807], "excluded_lines": []}, "MetaLearningAdaptiveArchitectures.__call__": {"executed_lines": [], "summary": {"covered_lines": 0, "num_statements": 13, "percent_covered": 0.0, "percent_covered_display": "0", "missing_lines": 13, "excluded_lines": 0}, "missing_lines": [829, 832, 833, 836, 839, 842, 843, 845, 846, 852, 853, 856, 864], "excluded_lines": []}, "MetaLearningAdaptiveArchitectures._infer_task_context": {"executed_lines": [], "summary": {"covered_lines": 0, "num_statements": 3, "percent_covered": 0.0, "percent_covered_display": "0", "missing_lines": 3, "excluded_lines": 0}, "missing_lines": [870, 880, 885], "excluded_lines": []}, "MetaLearningAdaptiveArchitectures._meta_controller": {"executed_lines": [], "summary": {"covered_lines": 0, "num_statements": 14, "percent_covered": 0.0, "percent_covered_display": "0", "missing_lines": 14, "excluded_lines": 0}, "missing_lines": [895, 901, 904, 908, 911, 915, 917, 921, 923, 927, 929, 933, 935, 943], "excluded_lines": []}, "MetaLearningAdaptiveArchitectures._construct_dynamic_network": {"executed_lines": [], "summary": {"covered_lines": 0, "num_statements": 13, "percent_covered": 0.0, "percent_covered_display": "0", "missing_lines": 13, "excluded_lines": 0}, "missing_lines": [951, 952, 953, 954, 956, 958, 960, 961, 963, 964, 966, 973, 975], "excluded_lines": []}, "MetaLearningAdaptiveArchitectures._execute_dynamic_layer": {"executed_lines": [], "summary": {"covered_lines": 0, "num_statements": 10, "percent_covered": 0.0, "percent_covered_display": "0", "missing_lines": 10, "excluded_lines": 0}, "missing_lines": [986, 987, 988, 991, 997, 1000, 1004, 1007, 1008, 1010], "excluded_lines": []}, "MetaLearningAdaptiveArchitectures._measure_architecture_complexity": {"executed_lines": [], "summary": {"covered_lines": 0, "num_statements": 9, "percent_covered": 0.0, "percent_covered_display": "0", "missing_lines": 9, "excluded_lines": 0}, "missing_lines": [1018, 1019, 1021, 1023, 1024, 1026, 1027, 1030, 1032], "excluded_lines": []}, "MetaLearningAdaptiveArchitectures._measure_adaptation_efficiency": {"executed_lines": [], "summary": {"covered_lines": 0, "num_statements": 7, "percent_covered": 0.0, "percent_covered_display": "0", "missing_lines": 7, "excluded_lines": 0}, "missing_lines": [1041, 1046, 1051, 1058, 1059, 1061, 1063], "excluded_lines": []}, "MetaLearningAdaptiveArchitectures._compute_meta_gradient_norm": {"executed_lines": [], "summary": {"covered_lines": 0, "num_statements": 7, "percent_covered": 0.0, "percent_covered_display": "0", "missing_lines": 7, "excluded_lines": 0}, "missing_lines": [1072, 1074, 1075, 1076, 1077, 1079, 1081], "excluded_lines": []}, "MetaLearningAdaptiveArchitectures._measure_architectural_diversity": {"executed_lines": [], "summary": {"covered_lines": 0, "num_statements": 11, "percent_covered": 0.0, "percent_covered_display": "0", "missing_lines": 11, "excluded_lines": 0}, "missing_lines": [1089, 1090, 1093, 1094, 1097, 1098, 1099, 1102, 1103, 1105, 1107], "excluded_lines": []}, "MetaLearningAdaptiveArchitectures._measure_task_adaptation": {"executed_lines": [], "summary": {"covered_lines": 0, "num_statements": 11, "percent_covered": 0.0, "percent_covered_display": "0", "missing_lines": 11, "excluded_lines": 0}, "missing_lines": [1117, 1120, 1121, 1122, 1125, 1128, 1129, 1132, 1135, 1138, 1140], "excluded_lines": []}, "": {"executed_lines": [], "summary": {"covered_lines": 0, "num_statements": 135, "percent_covered": 0.0, "percent_covered_display": "0", "missing_lines": 135, "excluded_lines": 0}, "missing_lines": [9, 10, 11, 12, 13, 14, 15, 16, 17, 18, 19, 21, 22, 23, 26, 27, 29, 30, 31, 32, 33, 34, 35, 36, 37, 38, 41, 50, 52, 53, 111, 142, 161, 184, 213, 247, 266, 282, 300, 317, 330, 339, 341, 342, 399, 437, 466, 501, 533, 563, 589, 608, 630, 652, 678, 708, 726, 759, 775, 810, 819, 821, 822, 866, 887, 945, 977, 1012, 1034, 1065, 1083, 1109, 1144, 1147, 1161, 1162, 1163, 1166, 1167, 1168, 1170, 1172, 1173, 1176, 1177, 1179, 1180, 1184, 1185, 1186, 1187, 1188, 1191, 1192, 1194, 1195, 1199, 1200, 1201, 1202, 1203, 1206, 1207, 1209, 1210, 1214, 1215, 1216, 1217, 1218, 1221, 1222, 1224, 1226, 1229, 1230, 1231, 1232, 1235, 1236, 1237, 1238, 1241, 1242, 1243, 1244, 1246, 1247, 1248, 1250, 1251, 1252, 1254, 1255, 1256], "excluded_lines": []}}, "classes": {"BreakthroughConfig": {"executed_lines": [], "summary": {"covered_lines": 0, "num_statements": 0, "percent_covered": 100.0, "percent_covered_display": "100", "missing_lines": 0, "excluded_lines": 0}, "missing_lines": [], "excluded_lines": []}, "HolographicNeuralNetworks": {"executed_lines": [], "summary": {"covered_lines": 0, "num_statements": 85, "percent_covered": 0.0, "percent_covered_display": "0", "missing_lines": 85, "excluded_lines": 0}, "missing_lines": [60, 63, 64, 67, 70, 71, 73, 75, 82, 84, 87, 90, 93, 96, 102, 109, 120, 123, 126, 127, 128, 129, 131, 138, 140, 150, 153, 154, 157, 159, 170, 173, 177, 180, 182, 192, 195, 196, 199, 205, 208, 211, 220, 221, 223, 224, 227, 228, 231, 232, 234, 235, 236, 237, 239, 240, 243, 245, 256, 262, 264, 271, 272, 273, 275, 276, 278, 280, 286, 287, 290, 291, 293, 294, 296, 298, 307, 308, 310, 313, 315, 321, 322, 325, 327], "excluded_lines": []}, "TopologicalNeuralArchitectures": {"executed_lines": [], "summary": {"covered_lines": 0, "num_statements": 166, "percent_covered": 0.0, "percent_covered_display": "0", "missing_lines": 166, "excluded_lines": 0}, "missing_lines": [349, 352, 353, 356, 359, 361, 363, 366, 371, 376, 377, 381, 384, 387, 388, 397, 406, 407, 410, 411, 412, 413, 414, 415, 419, 420, 423, 424, 425, 426, 427, 429, 430, 433, 435, 444, 447, 448, 451, 452, 455, 464, 474, 477, 480, 482, 483, 484, 486, 492, 497, 499, 509, 512, 515, 518, 525, 526, 531, 542, 543, 547, 548, 549, 551, 552, 555, 556, 561, 574, 575, 578, 579, 582, 587, 592, 598, 599, 600, 601, 604, 606, 611, 612, 620, 623, 626, 628, 634, 638, 639, 640, 643, 644, 645, 646, 648, 650, 659, 661, 662, 663, 664, 666, 667, 668, 670, 672, 674, 676, 681, 682, 687, 689, 690, 691, 694, 695, 697, 702, 704, 706, 712, 715, 716, 719, 722, 724, 729, 732, 733, 735, 736, 737, 739, 740, 741, 744, 745, 747, 748, 750, 751, 757, 762, 765, 766, 768, 769, 771, 773, 782, 783, 785, 788, 789, 791, 793, 794, 795, 798, 799, 802, 803, 805, 807], "excluded_lines": []}, "MetaLearningAdaptiveArchitectures": {"executed_lines": [], "summary": {"covered_lines": 0, "num_statements": 98, "percent_covered": 0.0, "percent_covered_display": "0", "missing_lines": 98, "excluded_lines": 0}, "missing_lines": [829, 832, 833, 836, 839, 842, 843, 845, 846, 852, 853, 856, 864, 870, 880, 885, 895, 901, 904, 908, 911, 915, 917, 921, 923, 927, 929, 933, 935, 943, 951, 952, 953, 954, 956, 958, 960, 961, 963, 964, 966, 973, 975, 986, 987, 988, 991, 997, 1000, 1004, 1007, 1008, 1010, 1018, 1019, 1021, 1023, 1024, 1026, 1027, 1030, 1032, 1041, 1046, 1051, 1058, 1059, 1061, 1063, 1072, 1074, 1075, 1076, 1077, 1079, 1081, 1089, 1090, 1093, 1094, 1097, 1098, 1099, 1102, 1103, 1105, 1107, 1117, 1120, 1121, 1122, 1125, 1128, 1129, 1132, 1135, 1138, 1140], "excluded_lines": []}, "": {"executed_lines": [], "summary": {"covered_lines": 0, "num_statements": 135, "percent_covered": 0.0, "percent_covered_display": "0", "missing_lines": 135, "excluded_lines": 0}, "missing_lines": [9, 10, 11, 12, 13, 14, 15, 16, 17, 18, 19, 21, 22, 23, 26, 27, 29, 30, 31, 32, 33, 34, 35, 36, 37, 38, 41, 50, 52, 53, 111, 142, 161, 184, 213, 247, 266, 282, 300, 317, 330, 339, 341, 342, 399, 437, 466, 501, 533, 563, 589, 608, 630, 652, 678, 708, 726, 759, 775, 810, 819, 821, 822, 866, 887, 945, 977, 1012, 1034, 1065, 1083, 1109, 1144, 1147, 1161, 1162, 1163, 1166, 1167, 1168, 1170, 1172, 1173, 1176, 1177, 1179, 1180, 1184, 1185, 1186, 1187, 1188, 1191, 1192, 1194, 1195, 1199, 1200, 1201, 1202, 1203, 1206, 1207, 1209, 1210, 1214, 1215, 1216, 1217, 1218, 1221, 1222, 1224, 1226, 1229, 1230, 1231, 1232, 1235, 1236, 1237, 1238, 1241, 1242, 1243, 1244, 1246, 1247, 1248, 1250, 1251, 1252, 1254, 1255, 1256], "excluded_lines": []}}}, "phomem/calibration.py": {"executed_lines": [1, 5, 6, 7, 8, 9, 10, 11, 12, 14, 15, 16, 17, 19, 22, 23, 24, 25, 26, 27, 28, 29, 30, 32, 59, 76, 77, 97, 98, 100, 105, 116, 121, 136, 149, 150, 152, 166, 220, 234, 264, 286, 309, 310, 312, 326, 370, 384, 412, 439, 469, 470, 472, 489, 500, 529, 554, 586, 587, 589, 602, 631, 651, 661], "summary": {"covered_lines": 57, "num_statements": 325, "percent_covered": 17.53846153846154, "percent_covered_display": "18", "missing_lines": 268, "excluded_lines": 0}, "missing_lines": [34, 41, 42, 43, 45, 46, 47, 48, 51, 52, 53, 54, 56, 57, 61, 62, 71, 72, 74, 79, 81, 82, 85, 87, 101, 102, 103, 107, 108, 110, 111, 114, 119, 123, 124, 131, 132, 134, 138, 140, 141, 143, 144, 146, 153, 156, 168, 170, 171, 172, 173, 176, 177, 179, 180, 183, 184, 187, 188, 192, 193, 194, 197, 198, 205, 208, 209, 211, 214, 216, 218, 223, 225, 227, 230, 232, 238, 239, 240, 241, 243, 245, 246, 247, 248, 250, 258, 260, 261, 262, 266, 267, 270, 273, 274, 277, 279, 288, 289, 290, 291, 296, 299, 300, 303, 304, 306, 313, 316, 328, 330, 331, 334, 337, 338, 341, 342, 344, 345, 347, 349, 350, 352, 355, 358, 359, 361, 364, 366, 368, 373, 375, 377, 380, 382, 388, 390, 391, 392, 393, 395, 396, 400, 403, 404, 406, 408, 409, 410, 414, 415, 418, 421, 422, 425, 426, 427, 430, 432, 441, 442, 443, 444, 445, 448, 450, 451, 453, 454, 456, 459, 460, 463, 464, 466, 473, 474, 476, 477, 482, 483, 491, 493, 494, 495, 496, 498, 502, 503, 507, 508, 509, 512, 513, 516, 517, 519, 522, 524, 525, 527, 531, 532, 535, 538, 541, 542, 544, 547, 549, 550, 552, 556, 557, 558, 561, 563, 569, 570, 571, 574, 575, 577, 583, 590, 591, 593, 600, 608, 610, 611, 613, 614, 617, 618, 620, 627, 629, 633, 635, 636, 637, 638, 640, 647, 649, 653, 655, 656, 657, 659, 663, 671, 672, 673, 674, 676, 679, 680, 681, 682, 686, 687, 688, 693, 694, 696, 697], "excluded_lines": [], "functions": {"CalibrationData.validate": {"executed_lines": [], "summary": {"covered_lines": 0, "num_statements": 14, "percent_covered": 0.0, "percent_covered_display": "0", "missing_lines": 14, "excluded_lines": 0}, "missing_lines": [34, 41, 42, 43, 45, 46, 47, 48, 51, 52, 53, 54, 56, 57], "excluded_lines": []}, "CalibrationData.save": {"executed_lines": [], "summary": {"covered_lines": 0, "num_statements": 5, "percent_covered": 0.0, "percent_covered_display": "0", "missing_lines": 5, "excluded_lines": 0}, "missing_lines": [61, 62, 71, 72, 74], "excluded_lines": []}, "CalibrationData.load": {"executed_lines": [], "summary": {"covered_lines": 0, "num_statements": 5, "percent_covered": 0.0, "percent_covered_display": "0", "missing_lines": 5, "excluded_lines": 0}, "missing_lines": [79, 81, 82, 85, 87], "excluded_lines": []}, "DeviceCalibrator.__init__": {"executed_lines": [], "summary": {"covered_lines": 0, "num_statements": 3, "percent_covered": 0.0, "percent_covered_display": "0", "missing_lines": 3, "excluded_lines": 0}, "missing_lines": [101, 102, 103], "excluded_lines": []}, "DeviceCalibrator.calibrate": {"executed_lines": [], "summary": {"covered_lines": 0, "num_statements": 5, "percent_covered": 0.0, "percent_covered_display": "0", "missing_lines": 5, "excluded_lines": 0}, "missing_lines": [107, 108, 110, 111, 114], "excluded_lines": []}, "DeviceCalibrator.validate_calibration": {"executed_lines": [], "summary": {"covered_lines": 0, "num_statements": 1, "percent_covered": 0.0, "percent_covered_display": "0", "missing_lines": 1, "excluded_lines": 0}, "missing_lines": [119], "excluded_lines": []}, "DeviceCalibrator.save_calibration": {"executed_lines": [], "summary": {"covered_lines": 0, "num_statements": 5, "percent_covered": 0.0, "percent_covered_display": "0", "missing_lines": 5, "excluded_lines": 0}, "missing_lines": [123, 124, 131, 132, 134], "excluded_lines": []}, "DeviceCalibrator.load_calibration": {"executed_lines": [], "summary": {"covered_lines": 0, "num_statements": 6, "percent_covered": 0.0, "percent_covered_display": "0", "missing_lines": 6, "excluded_lines": 0}, "missing_lines": [138, 140, 141, 143, 144, 146], "excluded_lines": []}, "PCMCalibrator.__init__": {"executed_lines": [], "summary": {"covered_lines": 0, "num_statements": 2, "percent_covered": 0.0, "percent_covered_display": "0", "missing_lines": 2, "excluded_lines": 0}, "missing_lines": [153, 156], "excluded_lines": []}, "PCMCalibrator.calibrate": {"executed_lines": [], "summary": {"covered_lines": 0, "num_statements": 25, "percent_covered": 0.0, "percent_covered_display": "0", "missing_lines": 25, "excluded_lines": 0}, "missing_lines": [168, 170, 171, 172, 173, 176, 177, 179, 180, 183, 184, 187, 188, 192, 193, 194, 197, 198, 205, 208, 209, 211, 214, 216, 218], "excluded_lines": []}, "PCMCalibrator._find_switching_voltage": {"executed_lines": [], "summary": {"covered_lines": 0, "num_statements": 5, "percent_covered": 0.0, "percent_covered_display": "0", "missing_lines": 5, "excluded_lines": 0}, "missing_lines": [223, 225, 227, 230, 232], "excluded_lines": []}, "PCMCalibrator._fit_activation_energy": {"executed_lines": [], "summary": {"covered_lines": 0, "num_statements": 11, "percent_covered": 0.0, "percent_covered_display": "0", "missing_lines": 11, "excluded_lines": 0}, "missing_lines": [238, 243, 245, 246, 247, 248, 250, 258, 260, 261, 262], "excluded_lines": []}, "PCMCalibrator._fit_activation_energy.arrhenius_model": {"executed_lines": [], "summary": {"covered_lines": 0, "num_statements": 3, "percent_covered": 0.0, "percent_covered_display": "0", "missing_lines": 3, "excluded_lines": 0}, "missing_lines": [239, 240, 241], "excluded_lines": []}, "PCMCalibrator.validate_calibration": {"executed_lines": [], "summary": {"covered_lines": 0, "num_statements": 7, "percent_covered": 0.0, "percent_covered_display": "0", "missing_lines": 7, "excluded_lines": 0}, "missing_lines": [266, 267, 270, 273, 274, 277, 279], "excluded_lines": []}, "PCMCalibrator._predict_resistance": {"executed_lines": [], "summary": {"covered_lines": 0, "num_statements": 10, "percent_covered": 0.0, "percent_covered_display": "0", "missing_lines": 10, "excluded_lines": 0}, "missing_lines": [288, 289, 290, 291, 296, 299, 300, 303, 304, 306], "excluded_lines": []}, "RRAMCalibrator.__init__": {"executed_lines": [], "summary": {"covered_lines": 0, "num_statements": 2, "percent_covered": 0.0, "percent_covered_display": "0", "missing_lines": 2, "excluded_lines": 0}, "missing_lines": [313, 316], "excluded_lines": []}, "RRAMCalibrator.calibrate": {"executed_lines": [], "summary": {"covered_lines": 0, "num_statements": 21, "percent_covered": 0.0, "percent_covered_display": "0", "missing_lines": 21, "excluded_lines": 0}, "missing_lines": [328, 330, 331, 334, 337, 338, 341, 342, 344, 345, 347, 349, 350, 352, 355, 358, 359, 361, 364, 366, 368], "excluded_lines": []}, "RRAMCalibrator._find_switching_voltage": {"executed_lines": [], "summary": {"covered_lines": 0, "num_statements": 5, "percent_covered": 0.0, "percent_covered_display": "0", "missing_lines": 5, "excluded_lines": 0}, "missing_lines": [373, 375, 377, 380, 382], "excluded_lines": []}, "RRAMCalibrator._fit_nonlinearity": {"executed_lines": [], "summary": {"covered_lines": 0, "num_statements": 14, "percent_covered": 0.0, "percent_covered_display": "0", "missing_lines": 14, "excluded_lines": 0}, "missing_lines": [388, 390, 391, 392, 393, 395, 396, 400, 403, 404, 406, 408, 409, 410], "excluded_lines": []}, "RRAMCalibrator.validate_calibration": {"executed_lines": [], "summary": {"covered_lines": 0, "num_statements": 10, "percent_covered": 0.0, "percent_covered_display": "0", "missing_lines": 10, "excluded_lines": 0}, "missing_lines": [414, 415, 418, 421, 422, 425, 426, 427, 430, 432], "excluded_lines": []}, "RRAMCalibrator._predict_current": {"executed_lines": [], "summary": {"covered_lines": 0, "num_statements": 16, "percent_covered": 0.0, "percent_covered_display": "0", "missing_lines": 16, "excluded_lines": 0}, "missing_lines": [441, 442, 443, 444, 445, 448, 450, 451, 453, 454, 456, 459, 460, 463, 464, 466], "excluded_lines": []}, "PhotonicCalibrator.__init__": {"executed_lines": [], "summary": {"covered_lines": 0, "num_statements": 6, "percent_covered": 0.0, "percent_covered_display": "0", "missing_lines": 6, "excluded_lines": 0}, "missing_lines": [473, 474, 476, 477, 482, 483], "excluded_lines": []}, "PhotonicCalibrator.calibrate": {"executed_lines": [], "summary": {"covered_lines": 0, "num_statements": 6, "percent_covered": 0.0, "percent_covered_display": "0", "missing_lines": 6, "excluded_lines": 0}, "missing_lines": [491, 493, 494, 495, 496, 498], "excluded_lines": []}, "PhotonicCalibrator._calibrate_thermal": {"executed_lines": [], "summary": {"covered_lines": 0, "num_statements": 14, "percent_covered": 0.0, "percent_covered_display": "0", "missing_lines": 14, "excluded_lines": 0}, "missing_lines": [502, 503, 507, 508, 509, 512, 513, 516, 517, 519, 522, 524, 525, 527], "excluded_lines": []}, "PhotonicCalibrator._calibrate_plasma": {"executed_lines": [], "summary": {"covered_lines": 0, "num_statements": 11, "percent_covered": 0.0, "percent_covered_display": "0", "missing_lines": 11, "excluded_lines": 0}, "missing_lines": [531, 532, 535, 538, 541, 542, 544, 547, 549, 550, 552], "excluded_lines": []}, "PhotonicCalibrator.validate_calibration": {"executed_lines": [], "summary": {"covered_lines": 0, "num_statements": 12, "percent_covered": 0.0, "percent_covered_display": "0", "missing_lines": 12, "excluded_lines": 0}, "missing_lines": [556, 557, 558, 561, 563, 569, 570, 571, 574, 575, 577, 583], "excluded_lines": []}, "CalibrationManager.__init__": {"executed_lines": [], "summary": {"covered_lines": 0, "num_statements": 4, "percent_covered": 0.0, "percent_covered_display": "0", "missing_lines": 4, "excluded_lines": 0}, "missing_lines": [590, 591, 593, 600], "excluded_lines": []}, "CalibrationManager.add_calibration_data": {"executed_lines": [], "summary": {"covered_lines": 0, "num_statements": 10, "percent_covered": 0.0, "percent_covered_display": "0", "missing_lines": 10, "excluded_lines": 0}, "missing_lines": [608, 610, 611, 613, 614, 617, 618, 620, 627, 629], "excluded_lines": []}, "CalibrationManager.get_device_parameters": {"executed_lines": [], "summary": {"covered_lines": 0, "num_statements": 8, "percent_covered": 0.0, "percent_covered_display": "0", "missing_lines": 8, "excluded_lines": 0}, "missing_lines": [633, 635, 636, 637, 638, 640, 647, 649], "excluded_lines": []}, "CalibrationManager.validate_all_calibrations": {"executed_lines": [], "summary": {"covered_lines": 0, "num_statements": 5, "percent_covered": 0.0, "percent_covered_display": "0", "missing_lines": 5, "excluded_lines": 0}, "missing_lines": [653, 655, 656, 657, 659], "excluded_lines": []}, "CalibrationManager.generate_calibration_report": {"executed_lines": [], "summary": {"covered_lines": 0, "num_statements": 17, "percent_covered": 0.0, "percent_covered_display": "0", "missing_lines": 17, "excluded_lines": 0}, "missing_lines": [663, 671, 672, 673, 674, 676, 679, 680, 681, 682, 686, 687, 688, 693, 694, 696, 697], "excluded_lines": []}, "": {"executed_lines": [1, 5, 6, 7, 8, 9, 10, 11, 12, 14, 15, 16, 17, 19, 22, 23, 24, 25, 26, 27, 28, 29, 30, 32, 59, 76, 77, 97, 98, 100, 105, 116, 121, 136, 149, 150, 152, 166, 220, 234, 264, 286, 309, 310, 312, 326, 370, 384, 412, 439, 469, 470, 472, 489, 500, 529, 554, 586, 587, 589, 602, 631, 651, 661], "summary": {"covered_lines": 57, "num_statements": 57, "percent_covered": 100.0, "percent_covered_display": "100", "missing_lines": 0, "excluded_lines": 0}, "missing_lines": [], "excluded_lines": []}}, "classes": {"CalibrationData": {"executed_lines": [], "summary": {"covered_lines": 0, "num_statements": 24, "percent_covered": 0.0, "percent_covered_display": "0", "missing_lines": 24, "excluded_lines": 0}, "missing_lines": [34, 41, 42, 43, 45, 46, 47, 48, 51, 52, 53, 54, 56, 57, 61, 62, 71, 72, 74, 79, 81, 82, 85, 87], "excluded_lines": []}, "DeviceCalibrator": {"executed_lines": [], "summary": {"covered_lines": 0, "num_statements": 20, "percent_covered": 0.0, "percent_covered_display": "0", "missing_lines": 20, "excluded_lines": 0}, "missing_lines": [101, 102, 103, 107, 108, 110, 111, 114, 119, 123, 124, 131, 132, 134, 138, 140, 141, 143, 144, 146], "excluded_lines": []}, "PCMCalibrator": {"executed_lines": [], "summary": {"covered_lines": 0, "num_statements": 63, "percent_covered": 0.0, "percent_covered_display": "0", "missing_lines": 63, "excluded_lines": 0}, "missing_lines": [153, 156, 168, 170, 171, 172, 173, 176, 177, 179, 180, 183, 184, 187, 188, 192, 193, 194, 197, 198, 205, 208, 209, 211, 214, 216, 218, 223, 225, 227, 230, 232, 238, 239, 240, 241, 243, 245, 246, 247, 248, 250, 258, 260, 261, 262, 266, 267, 270, 273, 274, 277, 279, 288, 289, 290, 291, 296, 299, 300, 303, 304, 306], "excluded_lines": []}, "RRAMCalibrator": {"executed_lines": [], "summary": {"covered_lines": 0, "num_statements": 68, "percent_covered": 0.0, "percent_covered_display": "0", "missing_lines": 68, "excluded_lines": 0}, "missing_lines": [313, 316, 328, 330, 331, 334, 337, 338, 341, 342, 344, 345, 347, 349, 350, 352, 355, 358, 359, 361, 364, 366, 368, 373, 375, 377, 380, 382, 388, 390, 391, 392, 393, 395, 396, 400, 403, 404, 406, 408, 409, 410, 414, 415, 418, 421, 422, 425, 426, 427, 430, 432, 441, 442, 443, 444, 445, 448, 450, 451, 453, 454, 456, 459, 460, 463, 464, 466], "excluded_lines": []}, "PhotonicCalibrator": {"executed_lines": [], "summary": {"covered_lines": 0, "num_statements": 49, "percent_covered": 0.0, "percent_covered_display": "0", "missing_lines": 49, "excluded_lines": 0}, "missing_lines": [473, 474, 476, 477, 482, 483, 491, 493, 494, 495, 496, 498, 502, 503, 507, 508, 509, 512, 513, 516, 517, 519, 522, 524, 525, 527, 531, 532, 535, 538, 541, 542, 544, 547, 549, 550, 552, 556, 557, 558, 561, 563, 569, 570, 571, 574, 575, 577, 583], "excluded_lines": []}, "CalibrationManager": {"executed_lines": [], "summary": {"covered_lines": 0, "num_statements": 44, "percent_covered": 0.0, "percent_covered_display": "0", "missing_lines": 44, "excluded_lines": 0}, "missing_lines": [590, 591, 593, 600, 608, 610, 611, 613, 614, 617, 618, 620, 627, 629, 633, 635, 636, 637, 638, 640, 647, 649, 653, 655, 656, 657, 659, 663, 671, 672, 673, 674, 676, 679, 680, 681, 682, 686, 687, 688, 693, 694, 696, 697], "excluded_lines": []}, "": {"executed_lines": [1, 5, 6, 7, 8, 9, 10, 11, 12, 14, 15, 16, 17, 19, 22, 23, 24, 25, 26, 27, 28, 29, 30, 32, 59, 76, 77, 97, 98, 100, 105, 116, 121, 136, 149, 150, 152, 166, 220, 234, 264, 286, 309, 310, 312, 326, 370, 384, 412, 439, 469, 470, 472, 489, 500, 529, 554, 586, 587, 589, 602, 631, 651, 661], "summary": {"covered_lines": 57, "num_statements": 57, "percent_covered": 100.0, "percent_covered_display": "100", "missing_lines": 0, "excluded_lines": 0}, "missing_lines": [], "excluded_lines": []}}}, "phomem/cli.py": {"executed_lines": [], "summary": {"covered_lines": 0, "num_statements": 167, "percent_covered": 0.0, "percent_covered_display": "0", "missing_lines": 167, "excluded_lines": 0}, "missing_lines": [5, 6, 7, 8, 9, 10, 11, 13, 14, 15, 17, 18, 19, 20, 21, 22, 23, 26, 28, 29, 36, 38, 39, 40, 41, 42, 43, 45, 48, 49, 51, 52, 53, 54, 57, 59, 60, 62, 63, 64, 67, 70, 71, 73, 81, 82, 84, 87, 95, 96, 99, 105, 106, 108, 111, 112, 113, 114, 115, 117, 118, 119, 122, 124, 125, 127, 130, 133, 134, 136, 143, 144, 146, 149, 150, 152, 153, 160, 163, 172, 173, 175, 178, 179, 181, 184, 185, 187, 188, 189, 190, 191, 193, 194, 195, 198, 200, 201, 203, 206, 208, 210, 211, 214, 215, 218, 219, 220, 221, 222, 223, 225, 228, 230, 231, 232, 233, 235, 236, 237, 241, 244, 245, 248, 249, 252, 253, 254, 258, 260, 263, 264, 265, 266, 267, 268, 269, 271, 272, 273, 276, 278, 283, 289, 292, 293, 299, 305, 311, 318, 323, 326, 331, 334, 339, 344, 349, 354, 357, 359, 360, 361, 364, 365, 368, 371, 372], "excluded_lines": [], "functions": {"setup_cli_logging": {"executed_lines": [], "summary": {"covered_lines": 0, "num_statements": 2, "percent_covered": 0.0, "percent_covered_display": "0", "missing_lines": 2, "excluded_lines": 0}, "missing_lines": [28, 29], "excluded_lines": []}, "load_config": {"executed_lines": [], "summary": {"covered_lines": 0, "num_statements": 13, "percent_covered": 0.0, "percent_covered_display": "0", "missing_lines": 13, "excluded_lines": 0}, "missing_lines": [38, 39, 40, 41, 42, 43, 45, 48, 49, 51, 52, 53, 54], "excluded_lines": []}, "simulate_command": {"executed_lines": [], "summary": {"covered_lines": 0, "num_statements": 27, "percent_covered": 0.0, "percent_covered_display": "0", "missing_lines": 27, "excluded_lines": 0}, "missing_lines": [59, 60, 62, 63, 64, 67, 70, 71, 73, 81, 82, 84, 87, 95, 96, 99, 105, 106, 108, 111, 112, 113, 114, 115, 117, 118, 119], "excluded_lines": []}, "train_command": {"executed_lines": [], "summary": {"covered_lines": 0, "num_statements": 32, "percent_covered": 0.0, "percent_covered_display": "0", "missing_lines": 32, "excluded_lines": 0}, "missing_lines": [124, 125, 127, 130, 133, 134, 136, 143, 144, 146, 149, 150, 152, 153, 160, 163, 172, 173, 175, 178, 179, 181, 184, 185, 187, 188, 189, 190, 191, 193, 194, 195], "excluded_lines": []}, "analyze_command": {"executed_lines": [], "summary": {"covered_lines": 0, "num_statements": 44, "percent_covered": 0.0, "percent_covered_display": "0", "missing_lines": 44, "excluded_lines": 0}, "missing_lines": [200, 201, 203, 206, 208, 210, 211, 214, 215, 218, 219, 220, 221, 222, 223, 225, 228, 230, 231, 232, 233, 235, 236, 237, 241, 244, 245, 248, 249, 252, 253, 254, 258, 260, 263, 264, 265, 266, 267, 268, 269, 271, 272, 273], "excluded_lines": []}, "main": {"executed_lines": [], "summary": {"covered_lines": 0, "num_statements": 24, "percent_covered": 0.0, "percent_covered_display": "0", "missing_lines": 24, "excluded_lines": 0}, "missing_lines": [278, 283, 289, 292, 293, 299, 305, 311, 318, 323, 326, 331, 334, 339, 344, 349, 354, 357, 359, 360, 361, 364, 365, 368], "excluded_lines": []}, "": {"executed_lines": [], "summary": {"covered_lines": 0, "num_statements": 25, "percent_covered": 0.0, "percent_covered_display": "0", "missing_lines": 25, "excluded_lines": 0}, "missing_lines": [5, 6, 7, 8, 9, 10, 11, 13, 14, 15, 17, 18, 19, 20, 21, 22, 23, 26, 36, 57, 122, 198, 276, 371, 372], "excluded_lines": []}}, "classes": {"": {"executed_lines": [], "summary": {"covered_lines": 0, "num_statements": 167, "percent_covered": 0.0, "percent_covered_display": "0", "missing_lines": 167, "excluded_lines": 0}, "missing_lines": [5, 6, 7, 8, 9, 10, 11, 13, 14, 15, 17, 18, 19, 20, 21, 22, 23, 26, 28, 29, 36, 38, 39, 40, 41, 42, 43, 45, 48, 49, 51, 52, 53, 54, 57, 59, 60, 62, 63, 64, 67, 70, 71, 73, 81, 82, 84, 87, 95, 96, 99, 105, 106, 108, 111, 112, 113, 114, 115, 117, 118, 119, 122, 124, 125, 127, 130, 133, 134, 136, 143, 144, 146, 149, 150, 152, 153, 160, 163, 172, 173, 175, 178, 179, 181, 184, 185, 187, 188, 189, 190, 191, 193, 194, 195, 198, 200, 201, 203, 206, 208, 210, 211, 214, 215, 218, 219, 220, 221, 222, 223, 225, 228, 230, 231, 232, 233, 235, 236, 237, 241, 244, 245, 248, 249, 252, 253, 254, 258, 260, 263, 264, 265, 266, 267, 268, 269, 271, 272, 273, 276, 278, 283, 289, 292, 293, 299, 305, 311, 318, 323, 326, 331, 334, 339, 344, 349, 354, 357, 359, 360, 361, 364, 365, 368, 371, 372], "excluded_lines": []}}}, "phomem/cloud_deployment.py": {"executed_lines": [], "summary": {"covered_lines": 0, "num_statements": 323, "percent_covered": 0.0, "percent_covered_display": "0", "missing_lines": 323, "excluded_lines": 0}, "missing_lines": [13, 14, 15, 16, 17, 18, 19, 20, 21, 22, 23, 25, 26, 28, 31, 33, 34, 35, 36, 37, 40, 42, 43, 44, 45, 46, 47, 48, 51, 52, 54, 55, 56, 57, 58, 59, 60, 63, 64, 65, 66, 67, 70, 71, 74, 75, 78, 79, 80, 81, 84, 85, 86, 89, 92, 93, 94, 95, 97, 99, 101, 102, 103, 104, 105, 106, 107, 108, 109, 110, 111, 113, 114, 116, 117, 118, 120, 122, 123, 124, 125, 126, 128, 129, 131, 132, 133, 135, 137, 138, 139, 141, 142, 144, 145, 147, 148, 149, 150, 152, 154, 155, 156, 157, 158, 160, 161, 163, 164, 165, 167, 169, 170, 171, 172, 173, 175, 180, 181, 182, 187, 191, 192, 193, 196, 197, 199, 200, 202, 203, 205, 206, 207, 210, 213, 219, 221, 223, 290, 292, 294, 318, 320, 370, 373, 375, 376, 377, 379, 382, 388, 390, 392, 427, 430, 433, 440, 442, 444, 447, 454, 456, 458, 461, 468, 470, 473, 475, 476, 477, 479, 481, 483, 485, 486, 487, 489, 491, 493, 496, 498, 500, 502, 503, 505, 507, 509, 511, 512, 514, 516, 518, 519, 524, 526, 534, 536, 537, 542, 544, 552, 555, 561, 562, 563, 566, 567, 568, 571, 572, 573, 575, 577, 579, 580, 582, 584, 585, 587, 589, 590, 59
[...]
 "functions": {"SecurityError.__init__": {"executed_lines": [28, 29], "summary": {"covered_lines": 2, "num_statements": 2, "percent_covered": 100.0, "percent_covered_display": "100", "missing_lines": 0, "excluded_lines": 0}, "missing_lines": [], "excluded_lines": []}, "SecurityValidator.__init__": {"executed_lines": [41, 42, 43, 44], "summary": {"covered_lines": 4, "num_statements": 4, "percent_covered": 100.0, "percent_covered_display": "100", "missing_lines": 0, "excluded_lines": 0}, "missing_lines": [], "excluded_lines": []}, "SecurityValidator.validate_file_path": {"executed_lines": [54, 57, 58, 59, 65, 74, 77], "summary": {"covered_lines": 7, "num_statements": 11, "percent_covered": 63.63636363636363, "percent_covered_display": "64", "missing_lines": 4, "excluded_lines": 0}, "missing_lines": [66, 67, 68, 75], "excluded_lines": []}, "SecurityValidator.validate_file_content": {"executed_lines": [81, 83, 84, 85, 86, 88, 89, 94], "summary": {"covered_lines": 8, "num_statements": 8, "percent_covered": 100.0, "percent_covered_display": "100", "missing_lines": 0, "excluded_lines": 0}, "missing_lines": [], "excluded_lines": []}, "SecurityValidator.validate_file_size": {"executed_lines": [], "summary": {"covered_lines": 0, "num_statements": 7, "percent_covered": 0.0, "percent_covered_display": "0", "missing_lines": 7, "excluded_lines": 0}, "missing_lines": [98, 99, 100, 102, 103, 104, 109], "excluded_lines": []}, "SecurityValidator.sanitize_filename": {"executed_lines": [114, 115, 118, 121, 125, 128], "summary": {"covered_lines": 6, "num_statements": 8, "percent_covered": 75.0, "percent_covered_display": "75", "missing_lines": 2, "excluded_lines": 0}, "missing_lines": [122, 126], "excluded_lines": []}, "SecurityValidator.create_secure_temp_file": {"executed_lines": [133, 134, 137, 138, 140, 141, 143, 144], "summary": {"covered_lines": 8, "num_statements": 8, "percent_covered": 100.0, "percent_covered_display": "100", "missing_lines": 0, "excluded_lines": 0}, "missing_lines": [], "excluded_lines": []}, "SecurityValidator.hash_sensitive_data": {"executed_lines": [], "summary": {"covered_lines": 0, "num_statements": 7, "percent_covered": 0.0, "percent_covered_display": "0", "missing_lines": 7, "excluded_lines": 0}, "missing_lines": [148, 149, 150, 151, 153, 155, 156], "excluded_lines": []}, "SecurityValidator.redact_sensitive_info": {"executed_lines": [], "summary": {"covered_lines": 0, "num_statements": 14, "percent_covered": 0.0, "percent_covered_display": "0", "missing_lines": 14, "excluded_lines": 0}, "missing_lines": [160, 165, 166, 167, 168, 169, 170, 172, 173, 174, 175, 176, 181, 183], "excluded_lines": []}, "ConfigurationSecurity.__init__": {"executed_lines": [], "summary": {"covered_lines": 0, "num_statements": 6, "percent_covered": 0.0, "percent_covered_display": "0", "missing_lines": 6, "excluded_lines": 0}, "missing_lines": [190, 191, 192, 193, 194, 195], "excluded_lines": []}, "ConfigurationSecurity.validate_config_file": {"executed_lines": [], "summary": {"covered_lines": 0, "num_statements": 22, "percent_covered": 0.0, "percent_covered_display": "0", "missing_lines": 22, "excluded_lines": 0}, "missing_lines": [199, 200, 202, 203, 204, 207, 210, 211, 212, 213, 214, 215, 216, 217, 222, 225, 227, 228, 230, 231, 232, 233], "excluded_lines": []}, "ConfigurationSecurity.validate_config_structure": {"executed_lines": [], "summary": {"covered_lines": 0, "num_statements": 15, "percent_covered": 0.0, "percent_covered_display": "0", "missing_lines": 15, "excluded_lines": 0}, "missing_lines": [240, 242, 243, 244, 247, 248, 251, 252, 253, 254, 259, 260, 261, 262, 267], "excluded_lines": []}, "ConfigurationSecurity.sanitize_parameters": {"executed_lines": [], "summary": {"covered_lines": 0, "num_statements": 21, "percent_covered": 0.0, "percent_covered_display": "0", "missing_lines": 21, "excluded_lines": 0}, "missing_lines": [271, 273, 275, 278, 280, 281, 282, 283, 284, 286, 287, 288, 289, 290, 291, 292, 293, 294, 295, 297, 299], "excluded_lines": []}, "InputSanitizer.__init__": {"executed_lines": [306, 307, 308], "summary": {"covered_lines": 3, "num_statements": 5, "percent_covered": 60.0, "percent_covered_display": "60", "missing_lines": 2, "excluded_lines": 0}, "missing_lines": [309, 310], "excluded_lines": []}, "InputSanitizer.sanitize_array_input": {"executed_lines": [316, 317, 319, 320, 321, 323, 330, 331, 332, 333, 341], "summary": {"covered_lines": 11, "num_statements": 19, "percent_covered": 57.89473684210526, "percent_covered_display": "58", "missing_lines": 8, "excluded_lines": 0}, "missing_lines": [324, 334, 338, 339, 343, 344, 345, 346], "excluded_lines": []}, "InputSanitizer.sanitize_file_upload": {"executed_lines": [], "summary": {"covered_lines": 0, "num_statements": 10, "percent_covered": 0.0, "percent_covered_display": "0", "missing_lines": 10, "excluded_lines": 0}, "missing_lines": [350, 353, 356, 357, 363, 364, 365, 366, 368, 370], "excluded_lines": []}, "get_security_validator": {"executed_lines": [], "summary": {"covered_lines": 0, "num_statements": 3, "percent_covered": 0.0, "percent_covered_display": "0", "missing_lines": 3, "excluded_lines": 0}, "missing_lines": [381, 382, 383], "excluded_lines": []}, "get_config_security": {"executed_lines": [], "summary": {"covered_lines": 0, "num_statements": 3, "percent_covered": 0.0, "percent_covered_display": "0", "missing_lines": 3, "excluded_lines": 0}, "missing_lines": [388, 389, 390], "excluded_lines": []}, "get_input_sanitizer": {"executed_lines": [], "summary": {"covered_lines": 0, "num_statements": 3, "percent_covered": 0.0, "percent_covered_display": "0", "missing_lines": 3, "excluded_lines": 0}, "missing_lines": [395, 396, 397], "excluded_lines": []}, "": {"executed_lines": [1, 5, 6, 7, 8, 9, 10, 11, 12, 13, 14, 15, 16, 17, 19, 20, 22, 25, 26, 27, 32, 33, 34, 37, 38, 40, 51, 79, 96, 111, 130, 146, 158, 186, 187, 189, 197, 238, 269, 302, 303, 305, 312, 348, 374, 375, 376, 378, 385, 392], "summary": {"covered_lines": 44, "num_statements": 44, "percent_covered": 100.0, "percent_covered_display": "100", "missing_lines": 0, "excluded_lines": 0}, "missing_lines": [], "excluded_lines": []}}, "classes": {"SecurityError": {"executed_lines": [28, 29], "summary": {"covered_lines": 2, "num_statements": 2, "percent_covered": 100.0, "percent_covered_display": "100", "missing_lines": 0, "excluded_lines": 0}, "missing_lines": [], "excluded_lines": []}, "SecurityWarning": {"executed_lines": [], "summary": {"covered_lines": 0, "num_statements": 0, "percent_covered": 100.0, "percent_covered_display": "100", "missing_lines": 0, "excluded_lines": 0}, "missing_lines": [], "excluded_lines": []}, "SecurityValidator": {"executed_lines": [41, 42, 43, 44, 54, 57, 58, 59, 65, 74, 77, 81, 83, 84, 85, 86, 88, 89, 94, 114, 115, 118, 121, 125, 128, 133, 134, 137, 138, 140, 141, 143, 144], "summary": {"covered_lines": 33, "num_statements": 67, "percent_covered": 49.25373134328358, "percent_covered_display": "49", "missing_lines": 34, "excluded_lines": 0}, "missing_lines": [66, 67, 68, 75, 98, 99, 100, 102, 103, 104, 109, 122, 126, 148, 149, 150, 151, 153, 155, 156, 160, 165, 166, 167, 168, 169, 170, 172, 173, 174, 175, 176, 181, 183], "excluded_lines": []}, "ConfigurationSecurity": {"executed_lines": [], "summary": {"covered_lines": 0, "num_statements": 64, "percent_covered": 0.0, "percent_covered_display": "0", "missing_lines": 64, "excluded_lines": 0}, "missing_lines": [190, 191, 192, 193, 194, 195, 199, 200, 202, 203, 204, 207, 210, 211, 212, 213, 214, 215, 216, 217, 222, 225, 227, 228, 230, 231, 232, 233, 240, 242, 243, 244, 247, 248, 251, 252, 253, 254, 259, 260, 261, 262, 267, 271, 273, 275, 278, 280, 281, 282, 283, 284, 286, 287, 288, 289, 290, 291, 292, 293, 294, 295, 297, 299], "excluded_lines": []}, "InputSanitizer": {"executed_lines": [306, 307, 308, 316, 317, 319, 320, 321, 323, 330, 331, 332, 333, 341], "summary": {"covered_lines": 14, "num_statements": 34, "percent_covered": 41.1764705882353, "percent_covered_display": "41", "missing_lines": 20, "excluded_lines": 0}, "missing_lines": [309, 310, 324, 334, 338, 339, 343, 344, 345, 346, 350, 353, 356, 357, 363, 364, 365, 366, 368, 370], "excluded_lines": []}, "": {"executed_lines": [1, 5, 6, 7, 8, 9, 10, 11, 12, 13, 14, 15, 16, 17, 19, 20, 22, 25, 26, 27, 32, 33, 34, 37, 38, 40, 51, 79, 96, 111, 130, 146, 158, 186, 187, 189, 197, 238, 269, 302, 303, 305, 312, 348, 374, 375, 376, 378, 385, 392], "summary": {"covered_lines": 44, "num_statements": 53, "percent_covered": 83.01886792452831, "percent_covered_display": "83", "missing_lines": 9, "excluded_lines": 0}, "missing_lines": [381, 382, 383, 388, 389, 390, 395, 396, 397], "excluded_lines": []}}}, "phomem/utils/validation.py": {"executed_lines": [1, 5, 6, 7, 8, 9, 10, 11, 12, 14, 17, 18, 19, 20, 21, 24, 25, 26, 29, 32, 33, 34, 35, 36, 37, 48, 51, 52, 54, 55, 56, 57, 58, 59, 60, 61, 67, 68, 81, 82, 86, 96, 100, 108, 111, 127, 128, 129, 130, 136, 137, 138, 139, 145, 146, 147, 153, 154, 155, 156, 161, 164, 165, 168, 169, 171, 173, 174, 184, 185, 191, 192, 195, 196, 197, 199, 200, 206, 207, 210, 211, 214, 215, 216, 222, 223, 226, 228, 230, 232, 235, 319, 322, 323, 326, 327, 330, 331, 332, 333, 338, 339, 342, 343, 344, 346, 351, 356, 361, 362, 368, 369, 370, 371, 373, 380, 389, 390, 393, 395, 396, 398, 401, 404, 405, 408, 409, 413, 414, 415, 417, 421, 422, 423, 429, 430, 433, 436, 437, 445, 447, 456, 463, 469, 476, 478, 482, 483, 484, 486, 492, 493, 497, 504, 507, 511, 512, 515, 516, 519, 522, 523, 525, 526, 527, 529, 533, 534, 589, 590, 592, 593, 594, 595, 596, 597, 601, 602, 605, 620, 635, 650, 652, 655, 660], "summary": {"covered_lines": 180, "num_statements": 333, "percent_covered": 54.054054054054056, "percent_covered_display": "54", "missing_lines": 153, "excluded_lines": 0}, "missing_lines": [38, 40, 46, 62, 63, 64, 83, 87, 88, 89, 90, 97, 101, 102, 109, 112, 113, 118, 119, 120, 121, 148, 186, 208, 217, 227, 229, 231, 233, 237, 239, 240, 250, 251, 252, 257, 258, 261, 263, 264, 268, 269, 271, 272, 278, 279, 280, 286, 287, 288, 289, 294, 295, 298, 299, 300, 301, 302, 303, 304, 305, 306, 307, 308, 309, 311, 314, 347, 352, 357, 363, 374, 399, 402, 406, 410, 418, 424, 431, 464, 470, 477, 479, 487, 498, 505, 508, 513, 517, 531, 537, 538, 539, 540, 543, 544, 545, 546, 547, 550, 551, 552, 553, 554, 555, 556, 557, 560, 561, 562, 563, 564, 567, 574, 576, 577, 582, 583, 584, 586, 607, 608, 609, 610, 611, 612, 613, 614, 615, 617, 622, 623, 624, 625, 626, 627, 628, 629, 630, 632, 637, 638, 639, 640, 641, 642, 643, 644, 645, 647, 657, 663, 664], "excluded_lines": [], "functions": {"ValidationError.__init__": {"executed_lines": [20, 21], "summary": {"covered_lines": 2, "num_statements": 2, "percent_covered": 100.0, "percent_covered_display": "100", "missing_lines": 0, "excluded_lines": 0}, "missing_lines": [], "excluded_lines": []}, "validation_wrapper": {"executed_lines": [32, 33, 48], "summary": {"covered_lines": 3, "num_statements": 3, "percent_covered": 100.0, "percent_covered_display": "100", "missing_lines": 0, "excluded_lines": 0}, "missing_lines": [], "excluded_lines": []}, "validation_wrapper.wrapper": {"executed_lines": [34, 35, 36, 37], "summary": {"covered_lines": 4, "num_statements": 7, "percent_covered": 57.142857142857146, "percent_covered_display": "57", "missing_lines": 3, "excluded_lines": 0}, "missing_lines": [38, 40, 46], "excluded_lines": []}, "validation_context": {"executed_lines": [54, 55, 56, 57, 58, 59, 60, 61], "summary": {"covered_lines": 8, "num_statements": 11, "percent_covered": 72.72727272727273, "percent_covered_display": "73", "missing_lines": 3, "excluded_lines": 0}, "missing_lines": [62, 63, 64], "excluded_lines": []}, "validate_input_array": {"executed_lines": [81, 82, 86, 96, 100, 108, 111, 127, 128, 129, 130, 136, 137, 138, 139, 145, 146, 147, 153, 154, 155, 156, 161], "summary": {"covered_lines": 23, "num_statements": 39, "percent_covered": 58.97435897435897, "percent_covered_display": "59", "missing_lines": 16, "excluded_lines": 0}, "missing_lines": [83, 87, 88, 89, 90, 97, 101, 102, 109, 112, 113, 118, 119, 120, 121, 148], "excluded_lines": []}, "validate_device_parameters": {"executed_lines": [168, 169, 171, 173, 174, 184, 185, 191, 192, 195, 196, 197, 199, 200, 206, 207, 210, 211, 214, 215, 216, 222, 223, 226, 228, 230, 232, 235, 319], "summary": {"covered_lines": 29, "num_statements": 74, "percent_covered": 39.189189189189186, "percent_covered_display": "39", "missing_lines": 45, "excluded_lines": 0}, "missing_lines": [186, 208, 217, 227, 229, 231, 233, 237, 239, 240, 250, 251, 252, 257, 258, 261, 263, 264, 268, 269, 271, 272, 278, 279, 280, 286, 287, 288, 289, 294, 295, 298, 299, 300, 301, 302, 303, 304, 305, 306, 307, 308, 309, 311, 314], "excluded_lines": []}, "validate_network_config": {"executed_lines": [326, 327, 330, 331, 332, 333, 338, 339, 342, 343, 344, 346, 351, 356, 361, 362, 368, 369, 370, 371, 373, 380, 389, 390, 393, 395, 396, 398, 401, 404, 405, 408, 409, 413, 414, 415, 417, 421, 422, 423, 429, 430, 433], "summary": {"covered_lines": 43, "num_statements": 55, "percent_covered": 78.18181818181819, "percent_covered_display": "78", "missing_lines": 12, "excluded_lines": 0}, "missing_lines": [347, 352, 357, 363, 374, 399, 402, 406, 410, 418, 424, 431], "excluded_lines": []}, "validate_training_data": {"executed_lines": [445, 447, 456, 463, 469, 476, 478, 482, 483, 484, 486, 492, 493, 497, 504, 507, 511, 512, 515, 516, 519], "summary": {"covered_lines": 21, "num_statements": 31, "percent_covered": 67.74193548387096, "percent_covered_display": "68", "missing_lines": 10, "excluded_lines": 0}, "missing_lines": [464, 470, 477, 479, 487, 498, 505, 508, 513, 517], "excluded_lines": []}, "ConfigValidator.__init__": {"executed_lines": [526, 527], "summary": {"covered_lines": 2, "num_statements": 2, "percent_covered": 100.0, "percent_covered_display": "100", "missing_lines": 0, "excluded_lines": 0}, "missing_lines": [], "excluded_lines": []}, "ConfigValidator.add_validation_rule": {"executed_lines": [], "summary": {"covered_lines": 0, "num_statements": 1, "percent_covered": 0.0, "percent_covered_display": "0", "missing_lines": 1, "excluded_lines": 0}, "missing_lines": [531], "excluded_lines": []}, "ConfigValidator.validate_config": {"executed_lines": [], "summary": {"covered_lines": 0, "num_statements": 30, "percent_covered": 0.0, "percent_covered_display": "0", "missing_lines": 30, "excluded_lines": 0}, "missing_lines": [537, 538, 539, 540, 543, 544, 545, 546, 547, 550, 551, 552, 553, 554, 555, 556, 557, 560, 561, 562, 563, 564, 567, 574, 576, 577, 582, 583, 584, 586], "excluded_lines": []}, "DataValidator.__init__": {"executed_lines": [593, 594, 595, 596, 597], "summary": {"covered_lines": 5, "num_statements": 5, "percent_covered": 100.0, "percent_covered_display": "100", "missing_lines": 0, "excluded_lines": 0}, "missing_lines": [], "excluded_lines": []}, "validate_network_architecture": {"executed_lines": [], "summary": {"covered_lines": 0, "num_statements": 10, "percent_covered": 0.0, "percent_covered_display": "0", "missing_lines": 10, "excluded_lines": 0}, "missing_lines": [607, 608, 609, 610, 611, 612, 613, 614, 615, 617], "excluded_lines": []}, "check_device_parameters": {"executed_lines": [], "summary": {"covered_lines": 0, "num_statements": 10, "percent_covered": 0.0, "percent_covered_display": "0", "missing_lines": 10, "excluded_lines": 0}, "missing_lines": [622, 623, 624, 625, 626, 627, 628, 629, 630, 632], "excluded_lines": []}, "verify_simulation_setup": {"executed_lines": [], "summary": {"covered_lines": 0, "num_statements": 10, "percent_covered": 0.0, "percent_covered_display": "0", "missing_lines": 10, "excluded_lines": 0}, "missing_lines": [637, 638, 639, 640, 641, 642, 643, 644, 645, 647], "excluded_lines": []}, "get_validator": {"executed_lines": [652], "summary": {"covered_lines": 1, "num_statements": 1, "percent_covered": 100.0, "percent_covered_display": "100", "missing_lines": 0, "excluded_lines": 0}, "missing_lines": [], "excluded_lines": []}, "get_config_validator": {"executed_lines": [], "summary": {"covered_lines": 0, "num_statements": 1, "percent_covered": 0.0, "percent_covered_display": "0", "missing_lines": 1, "excluded_lines": 0}, "missing_lines": [657], "excluded_lines": []}, "set_validation_mode": {"executed_lines": [], "summary": {"covered_lines": 0, "num_statements": 2, "percent_covered": 0.0, "percent_covered_display": "0", "missing_lines": 2, "excluded_lines": 0}, "missing_lines": [663, 664], "excluded_lines": []}, "": {"executed_lines": [1, 5, 6, 7, 8, 9, 10, 11, 12, 14, 17, 18, 19, 24, 25, 26, 29, 51, 52, 67, 68, 164, 165, 322, 323, 436, 437, 522, 523, 525, 529, 533, 534, 589, 590, 592, 601, 602, 605, 620, 635, 650, 655, 660], "summary": {"covered_lines": 39, "num_statements": 39, "percent_covered": 100.0, "percent_covered_display": "100", "missing_lines": 0, "excluded_lines": 0}, "missing_lines": [], "excluded_lines": []}}, "classes": {"ValidationError": {"executed_lines": [20, 21], "summary": {"covered_lines": 2, "num_statements": 2, "percent_covered": 100.0, "percent_covered_display": "100", "missing_lines": 0, "excluded_lines": 0}, "missing_lines": [], "excluded_lines": []}, "ValidationWarning": {"executed_lines": [], "summary": {"covered_lines": 0, "num_statements": 0, "percent_covered": 100.0, "percent_covered_display": "100", "missing_lines": 0, "excluded_lines": 0}, "missing_lines": [], "excluded_lines": []}, "ConfigValidator": {"executed_lines": [526, 527], "summary": {"covered_lines": 2, "num_statements": 33, "percent_covered": 6.0606060606060606, "percent_covered_display": "6", "missing_lines": 31, "excluded_lines": 0}, "missing_lines": [531, 537, 538, 539, 540, 543, 544, 545, 546, 547, 550, 551, 552, 553, 554, 555, 556, 557, 560, 561, 562, 563, 564, 567, 574, 576, 577, 582, 583, 584, 586], "excluded_lines": []}, "DataValidator": {"executed_lines": [593, 594, 595, 596, 597], "summary": {"covered_lines": 5, "num_statements": 5, "percent_covered": 100.0, "percent_covered_display": "100", "missing_lines": 0, "excluded_lines": 0}, "missing_lines": [], "excluded_lines": []}, "": {"executed_lines": [1, 5, 6, 7, 8, 9, 10, 11, 12, 14, 17, 18, 19, 24, 25, 26, 29, 32, 33, 34, 35, 36, 37, 48, 51, 52, 54, 55, 56, 57, 58, 59, 60, 61, 67, 68, 81, 82, 86, 96, 100, 108, 111, 127, 128, 129, 130, 136, 137, 138, 139, 145, 146, 147, 153, 154, 155, 156, 161, 164, 165, 168, 169, 171, 173, 174, 184, 185, 191, 192, 195, 196, 197, 199, 200, 206, 207, 210, 211, 214, 215, 216, 222, 223, 226, 228, 230, 232, 235, 319, 322, 323, 326, 327, 330, 331, 332, 333, 338, 339, 342, 343, 344, 346, 351, 356, 361, 362, 368, 369, 370, 371, 373, 380, 389, 390, 393, 395, 396, 398, 401, 404, 405, 408, 409, 413, 414, 415, 417, 421, 422, 423, 429, 430, 433, 436, 437, 445, 447, 456, 463, 469, 476, 478, 482, 483, 484, 486, 492, 493, 497, 504, 507, 511, 512, 515, 516, 519, 522, 523, 525, 529, 533, 534, 589, 590, 592, 601, 602, 605, 620, 635, 650, 652, 655, 660], "summary": {"covered_lines": 171, "num_statements": 293, "percent_covered": 58.3617747440273, "percent_covered_display": "58", "missing_lines": 122, "excluded_lines": 0}, "missing_lines": [38, 40, 46, 62, 63, 64, 83, 87, 88, 89, 90, 97, 101, 102, 109, 112, 113, 118, 119, 120, 121, 148, 186, 208, 217, 227, 229, 231, 233, 237, 239, 240, 250, 251, 252, 257, 258, 261, 263, 264, 268, 269, 271, 272, 278, 279, 280, 286, 287, 288, 289, 294, 295, 298, 299, 300, 301, 302, 303, 304, 305, 306, 307, 308, 309, 311, 314, 347, 352, 357, 363, 374, 399, 402, 406, 410, 418, 424, 431, 464, 470, 477, 479, 487, 498, 505, 508, 513, 517, 607, 608, 609, 610, 611, 612, 613, 614, 615, 617, 622, 623, 624, 625, 626, 627, 628, 629, 630, 632, 637, 638, 639, 640, 641, 642, 643, 644, 645, 647, 657, 663, 664], "excluded_lines": []}}}}, "totals": {"covered_lines": 2319, "num_statements": 17661, "percent_covered": 13.130626804824189, "percent_covered_display": "13", "missing_lines": 15342, "excluded_lines": 0}}